INITIAL: {'part1': (4, 6), 'part2': (5, 1), 'part3': (8, 3), 'part4': (8, 9), 'part5': (8, 6), 'part6': (10, 3), 'part7': (7, 7), 'part8': (4, 8), 'part9': (3, 6), 'part10': (5, 9), 'part11': (9, 1), 'part12': (6, 1), 'part13': (2, 10), 'part14': (6, 4), 'part15': (7, 3), 'part16': (4, 1), 'part17': (8, 4), 'part18': (8, 7), 'part19': (10, 10), 'part20': (1, 10)} 
NEW: {'part1': (4, 6), 'part2': (5, 1), 'part3': (8, 3), 'part4': (8, 9), 'part5': (8, 6), 'part6': (10, 3), 'part7': (7, 7), 'part8': (4, 8), 'part9': (3, 6), 'part10': (5, 9), 'part11': (1, 6), 'part12': (6, 1), 'part13': (2, 10), 'part14': (6, 4), 'part15': (7, 3), 'part16': (4, 1), 'part17': (8, 4), 'part18': (8, 7), 'part19': (10, 10), 'part20': (1, 10)} 
ENERGY: -9.333291825903066 
JUMP? False 
NEW: {'part1': (4, 6), 'part2': (5, 1), 'part3': (8, 3), 'part4': (8, 9), 'part5': (8, 6), 'part6': (10, 3), 'part7': (7, 7), 'part8': (4, 8), 'part9': (3, 6), 'part10': (5, 9), 'part11': (9, 1), 'part12': (6, 1), 'part13': (2, 10), 'part14': (6, 4), 'part15': (7, 3), 'part16': (4, 1), 'part17': (8, 4), 'part18': (8, 7), 'part19': (8, 10), 'part20': (1, 10)} 
ENERGY: -10.329052816698447 
JUMP? True 
NEW: {'part1': (4, 6), 'part2': (5, 1), 'part3': (8, 3), 'part4': (8, 9), 'part5': (8, 6), 'part6': (10, 3), 'part7': (7, 7), 'part8': (4, 8), 'part9': (3, 6), 'part10': (5, 9), 'part11': (9, 1), 'part12': (6, 1), 'part13': (2, 10), 'part14': (6, 4), 'part15': (7, 3), 'part16': (1, 3), 'part17': (8, 4), 'part18': (8, 7), 'part19': (8, 10), 'part20': (1, 10)} 
ENERGY: -9.297266110275409 
JUMP? False 
NEW: {'part1': (4, 6), 'part2': (5, 1), 'part3': (8, 3), 'part4': (8, 9), 'part5': (8, 6), 'part6': (10, 3), 'part7': (7, 7), 'part8': (4, 8), 'part9': (3, 6), 'part10': (5, 9), 'part11': (9, 1), 'part12': (6, 1), 'part13': (2, 10), 'part14': (5, 10), 'part15': (7, 3), 'part16': (4, 1), 'part17': (8, 4), 'part18': (8, 7), 'part19': (8, 10), 'part20': (1, 10)} 
ENERGY: -11.055218868254963 
JUMP? True 
SHOOK: {'part1': (3, 7), 'part2': (9, 5), 'part3': (8, 3), 'part4': (9, 8), 'part5': (8, 6), 'part6': (7, 7), 'part7': (3, 3), 'part8': (4, 8), 'part9': (5, 9), 'part10': (8, 8), 'part11': (10, 5), 'part12': (7, 3), 'part13': (7, 9), 'part14': (6, 7), 'part15': (6, 10), 'part16': (9, 3), 'part17': (8, 7), 'part18': (8, 10), 'part19': (2, 6), 'part20': (7, 8)} 
ENERGY: -14.712631747728032 
ACCEPT SHOOK? True 
NEW: {'part1': (3, 7), 'part2': (9, 5), 'part3': (8, 3), 'part4': (9, 8), 'part5': (8, 6), 'part6': (7, 7), 'part7': (3, 3), 'part8': (4, 8), 'part9': (5, 9), 'part10': (8, 8), 'part11': (10, 5), 'part12': (7, 3), 'part13': (10, 8), 'part14': (6, 7), 'part15': (6, 10), 'part16': (9, 3), 'part17': (8, 7), 'part18': (8, 10), 'part19': (2, 6), 'part20': (7, 8)} 
ENERGY: -13.960196604585393 
JUMP? False 
NEW: {'part1': (3, 7), 'part2': (9, 5), 'part3': (8, 3), 'part4': (9, 8), 'part5': (8, 6), 'part6': (7, 7), 'part7': (1, 3), 'part8': (4, 8), 'part9': (5, 9), 'part10': (8, 8), 'part11': (10, 5), 'part12': (7, 3), 'part13': (7, 9), 'part14': (6, 7), 'part15': (6, 10), 'part16': (9, 3), 'part17': (8, 7), 'part18': (8, 10), 'part19': (2, 6), 'part20': (7, 8)} 
ENERGY: -14.71142452911347 
JUMP? False 
NEW: {'part1': (3, 7), 'part2': (9, 5), 'part3': (8, 3), 'part4': (9, 8), 'part5': (8, 6), 'part6': (7, 7), 'part7': (3, 3), 'part8': (4, 8), 'part9': (5, 9), 'part10': (8, 8), 'part11': (10, 5), 'part12': (7, 3), 'part13': (7, 9), 'part14': (6, 7), 'part15': (10, 4), 'part16': (9, 3), 'part17': (8, 7), 'part18': (8, 10), 'part19': (2, 6), 'part20': (7, 8)} 
ENERGY: -15.674688784622166 
JUMP? True 
NEW: {'part1': (3, 7), 'part2': (9, 5), 'part3': (8, 3), 'part4': (9, 8), 'part5': (8, 6), 'part6': (7, 7), 'part7': (2, 7), 'part8': (4, 8), 'part9': (5, 9), 'part10': (8, 8), 'part11': (10, 5), 'part12': (7, 3), 'part13': (7, 9), 'part14': (6, 7), 'part15': (10, 4), 'part16': (9, 3), 'part17': (8, 7), 'part18': (8, 10), 'part19': (2, 6), 'part20': (7, 8)} 
ENERGY: -17.688888237827605 
JUMP? True 
NEW: {'part1': (3, 7), 'part2': (9, 5), 'part3': (8, 3), 'part4': (9, 8), 'part5': (8, 6), 'part6': (7, 7), 'part7': (2, 7), 'part8': (4, 8), 'part9': (5, 9), 'part10': (8, 8), 'part11': (10, 5), 'part12': (7, 3), 'part13': (7, 9), 'part14': (6, 7), 'part15': (10, 4), 'part16': (9, 3), 'part17': (8, 7), 'part18': (8, 10), 'part19': (6, 8), 'part20': (7, 8)} 
ENERGY: -19.244165034039277 
JUMP? True 
NEW: {'part1': (3, 7), 'part2': (9, 5), 'part3': (8, 3), 'part4': (9, 8), 'part5': (8, 6), 'part6': (7, 7), 'part7': (2, 7), 'part8': (4, 8), 'part9': (5, 9), 'part10': (3, 4), 'part11': (10, 5), 'part12': (7, 3), 'part13': (7, 9), 'part14': (6, 7), 'part15': (10, 4), 'part16': (9, 3), 'part17': (8, 7), 'part18': (8, 10), 'part19': (6, 8), 'part20': (7, 8)} 
ENERGY: -15.66701256289764 
JUMP? False 
NEW: {'part1': (3, 7), 'part2': (9, 5), 'part3': (8, 3), 'part4': (1, 1), 'part5': (8, 6), 'part6': (7, 7), 'part7': (2, 7), 'part8': (4, 8), 'part9': (5, 9), 'part10': (8, 8), 'part11': (10, 5), 'part12': (7, 3), 'part13': (7, 9), 'part14': (6, 7), 'part15': (10, 4), 'part16': (9, 3), 'part17': (8, 7), 'part18': (8, 10), 'part19': (6, 8), 'part20': (7, 8)} 
ENERGY: -17.90441737030268 
JUMP? False 
NEW: {'part1': (3, 7), 'part2': (9, 5), 'part3': (8, 3), 'part4': (9, 8), 'part5': (8, 6), 'part6': (7, 7), 'part7': (2, 7), 'part8': (4, 8), 'part9': (5, 9), 'part10': (8, 8), 'part11': (10, 5), 'part12': (7, 3), 'part13': (7, 9), 'part14': (6, 7), 'part15': (10, 4), 'part16': (1, 3), 'part17': (8, 7), 'part18': (8, 10), 'part19': (6, 8), 'part20': (7, 8)} 
ENERGY: -17.92948016331914 
JUMP? False 
NEW: {'part1': (3, 7), 'part2': (9, 5), 'part3': (8, 3), 'part4': (9, 8), 'part5': (8, 6), 'part6': (7, 7), 'part7': (2, 7), 'part8': (4, 8), 'part9': (5, 9), 'part10': (8, 8), 'part11': (10, 5), 'part12': (7, 3), 'part13': (7, 9), 'part14': (6, 7), 'part15': (3, 1), 'part16': (9, 3), 'part17': (8, 7), 'part18': (8, 10), 'part19': (6, 8), 'part20': (7, 8)} 
ENERGY: -17.751803638010312 
JUMP? False 
NEW: {'part1': (3, 7), 'part2': (2, 8), 'part3': (8, 3), 'part4': (9, 8), 'part5': (8, 6), 'part6': (7, 7), 'part7': (2, 7), 'part8': (4, 8), 'part9': (5, 9), 'part10': (8, 8), 'part11': (10, 5), 'part12': (7, 3), 'part13': (7, 9), 'part14': (6, 7), 'part15': (10, 4), 'part16': (9, 3), 'part17': (8, 7), 'part18': (8, 10), 'part19': (6, 8), 'part20': (7, 8)} 
ENERGY: -18.966139011163545 
JUMP? False 
NEW: {'part1': (3, 7), 'part2': (9, 5), 'part3': (8, 3), 'part4': (9, 8), 'part5': (8, 6), 'part6': (7, 7), 'part7': (2, 7), 'part8': (4, 8), 'part9': (5, 9), 'part10': (8, 8), 'part11': (10, 5), 'part12': (7, 3), 'part13': (7, 9), 'part14': (6, 7), 'part15': (10, 4), 'part16': (9, 3), 'part17': (8, 7), 'part18': (6, 1), 'part19': (6, 8), 'part20': (7, 8)} 
ENERGY: -18.955654459552676 
JUMP? False 
NEW: {'part1': (3, 7), 'part2': (9, 5), 'part3': (8, 3), 'part4': (9, 8), 'part5': (8, 6), 'part6': (7, 7), 'part7': (2, 7), 'part8': (4, 8), 'part9': (5, 9), 'part10': (8, 8), 'part11': (10, 5), 'part12': (7, 3), 'part13': (7, 9), 'part14': (6, 7), 'part15': (10, 4), 'part16': (6, 10), 'part17': (8, 7), 'part18': (8, 10), 'part19': (6, 8), 'part20': (7, 8)} 
ENERGY: -18.490492969064306 
JUMP? False 
NEW: {'part1': (4, 4), 'part2': (9, 5), 'part3': (8, 3), 'part4': (9, 8), 'part5': (8, 6), 'part6': (7, 7), 'part7': (2, 7), 'part8': (4, 8), 'part9': (5, 9), 'part10': (8, 8), 'part11': (10, 5), 'part12': (7, 3), 'part13': (7, 9), 'part14': (6, 7), 'part15': (10, 4), 'part16': (9, 3), 'part17': (8, 7), 'part18': (8, 10), 'part19': (6, 8), 'part20': (7, 8)} 
ENERGY: -18.005788430620143 
JUMP? False 
NEW: {'part1': (3, 7), 'part2': (9, 5), 'part3': (8, 3), 'part4': (6, 2), 'part5': (8, 6), 'part6': (7, 7), 'part7': (2, 7), 'part8': (4, 8), 'part9': (5, 9), 'part10': (8, 8), 'part11': (10, 5), 'part12': (7, 3), 'part13': (7, 9), 'part14': (6, 7), 'part15': (10, 4), 'part16': (9, 3), 'part17': (8, 7), 'part18': (8, 10), 'part19': (6, 8), 'part20': (7, 8)} 
ENERGY: -18.158105228157076 
JUMP? False 
NEW: {'part1': (3, 7), 'part2': (9, 5), 'part3': (8, 3), 'part4': (9, 8), 'part5': (8, 6), 'part6': (7, 7), 'part7': (2, 7), 'part8': (4, 8), 'part9': (5, 9), 'part10': (8, 8), 'part11': (10, 5), 'part12': (7, 3), 'part13': (7, 9), 'part14': (6, 7), 'part15': (10, 4), 'part16': (9, 3), 'part17': (8, 7), 'part18': (8, 10), 'part19': (6, 10), 'part20': (7, 8)} 
ENERGY: -16.980272998290438 
JUMP? False 
NEW: {'part1': (3, 7), 'part2': (9, 5), 'part3': (8, 3), 'part4': (1, 4), 'part5': (8, 6), 'part6': (7, 7), 'part7': (2, 7), 'part8': (4, 8), 'part9': (5, 9), 'part10': (8, 8), 'part11': (10, 5), 'part12': (7, 3), 'part13': (7, 9), 'part14': (6, 7), 'part15': (10, 4), 'part16': (9, 3), 'part17': (8, 7), 'part18': (8, 10), 'part19': (6, 8), 'part20': (7, 8)} 
ENERGY: -17.907539700323678 
JUMP? False 
NEW: {'part1': (3, 7), 'part2': (9, 5), 'part3': (8, 3), 'part4': (9, 8), 'part5': (8, 6), 'part6': (7, 7), 'part7': (2, 7), 'part8': (4, 8), 'part9': (5, 9), 'part10': (8, 8), 'part11': (10, 5), 'part12': (7, 3), 'part13': (7, 9), 'part14': (6, 7), 'part15': (10, 4), 'part16': (3, 3), 'part17': (8, 7), 'part18': (8, 10), 'part19': (6, 8), 'part20': (7, 8)} 
ENERGY: -17.930694087304595 
JUMP? False 
NEW: {'part1': (3, 7), 'part2': (9, 5), 'part3': (8, 3), 'part4': (9, 8), 'part5': (8, 6), 'part6': (7, 7), 'part7': (2, 7), 'part8': (4, 8), 'part9': (5, 9), 'part10': (8, 8), 'part11': (10, 5), 'part12': (7, 3), 'part13': (7, 9), 'part14': (6, 7), 'part15': (10, 4), 'part16': (9, 3), 'part17': (8, 7), 'part18': (8, 10), 'part19': (6, 8), 'part20': (1, 3)} 
ENERGY: -14.692527847560871 
JUMP? False 
NEW: {'part1': (3, 7), 'part2': (9, 5), 'part3': (8, 3), 'part4': (9, 8), 'part5': (8, 6), 'part6': (7, 7), 'part7': (2, 7), 'part8': (4, 8), 'part9': (2, 9), 'part10': (8, 8), 'part11': (10, 5), 'part12': (7, 3), 'part13': (7, 9), 'part14': (6, 7), 'part15': (10, 4), 'part16': (9, 3), 'part17': (8, 7), 'part18': (8, 10), 'part19': (6, 8), 'part20': (7, 8)} 
ENERGY: -18.76202806577308 
JUMP? False 
NEW: {'part1': (3, 7), 'part2': (9, 5), 'part3': (8, 3), 'part4': (9, 8), 'part5': (8, 6), 'part6': (7, 7), 'part7': (2, 7), 'part8': (4, 8), 'part9': (5, 9), 'part10': (8, 8), 'part11': (10, 5), 'part12': (7, 3), 'part13': (7, 9), 'part14': (6, 7), 'part15': (4, 1), 'part16': (9, 3), 'part17': (8, 7), 'part18': (8, 10), 'part19': (6, 8), 'part20': (7, 8)} 
ENERGY: -17.7527419372584 
JUMP? False 
NEW: {'part1': (3, 7), 'part2': (9, 5), 'part3': (8, 3), 'part4': (9, 8), 'part5': (8, 6), 'part6': (7, 7), 'part7': (2, 7), 'part8': (4, 8), 'part9': (5, 9), 'part10': (8, 8), 'part11': (10, 5), 'part12': (7, 3), 'part13': (7, 9), 'part14': (6, 7), 'part15': (10, 4), 'part16': (9, 3), 'part17': (8, 7), 'part18': (8, 10), 'part19': (6, 8), 'part20': (7, 10)} 
ENERGY: -16.75178040716709 
JUMP? False 
NEW: {'part1': (1, 8), 'part2': (9, 5), 'part3': (8, 3), 'part4': (9, 8), 'part5': (8, 6), 'part6': (7, 7), 'part7': (2, 7), 'part8': (4, 8), 'part9': (5, 9), 'part10': (8, 8), 'part11': (10, 5), 'part12': (7, 3), 'part13': (7, 9), 'part14': (6, 7), 'part15': (10, 4), 'part16': (9, 3), 'part17': (8, 7), 'part18': (8, 10), 'part19': (6, 8), 'part20': (7, 8)} 
ENERGY: -18.237378002985693 
JUMP? False 
NEW: {'part1': (3, 7), 'part2': (9, 5), 'part3': (8, 3), 'part4': (9, 8), 'part5': (8, 6), 'part6': (7, 7), 'part7': (2, 7), 'part8': (4, 8), 'part9': (5, 9), 'part10': (8, 8), 'part11': (10, 5), 'part12': (7, 3), 'part13': (7, 9), 'part14': (6, 7), 'part15': (10, 4), 'part16': (9, 3), 'part17': (8, 7), 'part18': (8, 10), 'part19': (3, 2), 'part20': (7, 8)} 
ENERGY: -16.4504238549438 
JUMP? False 
NEW: {'part1': (3, 7), 'part2': (9, 5), 'part3': (8, 3), 'part4': (9, 8), 'part5': (8, 6), 'part6': (7, 7), 'part7': (2, 7), 'part8': (4, 4), 'part9': (5, 9), 'part10': (8, 8), 'part11': (10, 5), 'part12': (7, 3), 'part13': (7, 9), 'part14': (6, 7), 'part15': (10, 4), 'part16': (9, 3), 'part17': (8, 7), 'part18': (8, 10), 'part19': (6, 8), 'part20': (7, 8)} 
ENERGY: -18.711993469615777 
JUMP? False 
NEW: {'part1': (3, 7), 'part2': (3, 3), 'part3': (8, 3), 'part4': (9, 8), 'part5': (8, 6), 'part6': (7, 7), 'part7': (2, 7), 'part8': (4, 8), 'part9': (5, 9), 'part10': (8, 8), 'part11': (10, 5), 'part12': (7, 3), 'part13': (7, 9), 'part14': (6, 7), 'part15': (10, 4), 'part16': (9, 3), 'part17': (8, 7), 'part18': (8, 10), 'part19': (6, 8), 'part20': (7, 8)} 
ENERGY: -17.699428822609477 
JUMP? False 
NEW: {'part1': (10, 3), 'part2': (9, 5), 'part3': (8, 3), 'part4': (9, 8), 'part5': (8, 6), 'part6': (7, 7), 'part7': (2, 7), 'part8': (4, 8), 'part9': (5, 9), 'part10': (8, 8), 'part11': (10, 5), 'part12': (7, 3), 'part13': (7, 9), 'part14': (6, 7), 'part15': (10, 4), 'part16': (9, 3), 'part17': (8, 7), 'part18': (8, 10), 'part19': (6, 8), 'part20': (7, 8)} 
ENERGY: -20.081767382158535 
JUMP? True 
NEW: {'part1': (10, 3), 'part2': (9, 5), 'part3': (8, 3), 'part4': (9, 8), 'part5': (8, 6), 'part6': (7, 7), 'part7': (2, 7), 'part8': (4, 8), 'part9': (5, 9), 'part10': (8, 8), 'part11': (10, 5), 'part12': (7, 3), 'part13': (7, 9), 'part14': (6, 7), 'part15': (10, 4), 'part16': (9, 3), 'part17': (8, 7), 'part18': (2, 9), 'part19': (6, 8), 'part20': (7, 8)} 
ENERGY: -19.8227186785956 
JUMP? False 
NEW: {'part1': (10, 3), 'part2': (2, 5), 'part3': (8, 3), 'part4': (9, 8), 'part5': (8, 6), 'part6': (7, 7), 'part7': (2, 7), 'part8': (4, 8), 'part9': (5, 9), 'part10': (8, 8), 'part11': (10, 5), 'part12': (7, 3), 'part13': (7, 9), 'part14': (6, 7), 'part15': (10, 4), 'part16': (9, 3), 'part17': (8, 7), 'part18': (8, 10), 'part19': (6, 8), 'part20': (7, 8)} 
ENERGY: -18.551848390065633 
JUMP? False 
NEW: {'part1': (10, 3), 'part2': (9, 5), 'part3': (8, 3), 'part4': (9, 8), 'part5': (8, 6), 'part6': (7, 7), 'part7': (2, 7), 'part8': (4, 8), 'part9': (5, 9), 'part10': (8, 8), 'part11': (10, 5), 'part12': (7, 3), 'part13': (7, 9), 'part14': (6, 7), 'part15': (10, 4), 'part16': (9, 3), 'part17': (9, 7), 'part18': (8, 10), 'part19': (6, 8), 'part20': (7, 8)} 
ENERGY: -18.100944891425748 
JUMP? False 
NEW: {'part1': (10, 3), 'part2': (9, 5), 'part3': (8, 3), 'part4': (9, 8), 'part5': (8, 6), 'part6': (7, 7), 'part7': (2, 1), 'part8': (4, 8), 'part9': (5, 9), 'part10': (8, 8), 'part11': (10, 5), 'part12': (7, 3), 'part13': (7, 9), 'part14': (6, 7), 'part15': (10, 4), 'part16': (9, 3), 'part17': (8, 7), 'part18': (8, 10), 'part19': (6, 8), 'part20': (7, 8)} 
ENERGY: -20.06368986589142 
JUMP? False 
NEW: {'part1': (10, 3), 'part2': (9, 5), 'part3': (8, 3), 'part4': (9, 8), 'part5': (8, 6), 'part6': (7, 7), 'part7': (2, 7), 'part8': (4, 8), 'part9': (5, 9), 'part10': (8, 8), 'part11': (10, 5), 'part12': (7, 3), 'part13': (7, 9), 'part14': (6, 7), 'part15': (10, 4), 'part16': (4, 7), 'part17': (8, 7), 'part18': (8, 10), 'part19': (6, 8), 'part20': (7, 8)} 
ENERGY: -18.8676178266216 
JUMP? False 
NEW: {'part1': (10, 3), 'part2': (9, 7), 'part3': (8, 3), 'part4': (9, 8), 'part5': (8, 6), 'part6': (7, 7), 'part7': (2, 7), 'part8': (4, 8), 'part9': (5, 9), 'part10': (8, 8), 'part11': (10, 5), 'part12': (7, 3), 'part13': (7, 9), 'part14': (6, 7), 'part15': (10, 4), 'part16': (9, 3), 'part17': (8, 7), 'part18': (8, 10), 'part19': (6, 8), 'part20': (7, 8)} 
ENERGY: -21.065207695685253 
JUMP? True 
NEW: {'part1': (10, 3), 'part2': (9, 7), 'part3': (8, 3), 'part4': (9, 8), 'part5': (8, 6), 'part6': (7, 7), 'part7': (2, 7), 'part8': (4, 8), 'part9': (5, 9), 'part10': (8, 8), 'part11': (10, 5), 'part12': (1, 2), 'part13': (7, 9), 'part14': (6, 7), 'part15': (10, 4), 'part16': (9, 3), 'part17': (8, 7), 'part18': (8, 10), 'part19': (6, 8), 'part20': (7, 8)} 
ENERGY: -20.024632012253893 
JUMP? False 
NEW: {'part1': (10, 3), 'part2': (9, 7), 'part3': (8, 3), 'part4': (9, 8), 'part5': (8, 6), 'part6': (7, 7), 'part7': (2, 7), 'part8': (4, 8), 'part9': (5, 9), 'part10': (8, 8), 'part11': (10, 1), 'part12': (7, 3), 'part13': (7, 9), 'part14': (6, 7), 'part15': (10, 4), 'part16': (9, 3), 'part17': (8, 7), 'part18': (8, 10), 'part19': (6, 8), 'part20': (7, 8)} 
ENERGY: -20.027619696162994 
JUMP? False 
NEW: {'part1': (10, 3), 'part2': (9, 7), 'part3': (8, 3), 'part4': (9, 8), 'part5': (8, 6), 'part6': (7, 7), 'part7': (2, 7), 'part8': (4, 8), 'part9': (5, 9), 'part10': (8, 8), 'part11': (10, 5), 'part12': (7, 6), 'part13': (7, 9), 'part14': (6, 7), 'part15': (10, 4), 'part16': (9, 3), 'part17': (8, 7), 'part18': (8, 10), 'part19': (6, 8), 'part20': (7, 8)} 
ENERGY: -22.587103289401085 
JUMP? True 
NEW: {'part1': (10, 3), 'part2': (9, 7), 'part3': (1, 2), 'part4': (9, 8), 'part5': (8, 6), 'part6': (7, 7), 'part7': (2, 7), 'part8': (4, 8), 'part9': (5, 9), 'part10': (8, 8), 'part11': (10, 5), 'part12': (7, 6), 'part13': (7, 9), 'part14': (6, 7), 'part15': (10, 4), 'part16': (9, 3), 'part17': (8, 7), 'part18': (8, 10), 'part19': (6, 8), 'part20': (7, 8)} 
ENERGY: -21.529644833491382 
JUMP? False 
NEW: {'part1': (10, 3), 'part2': (9, 7), 'part3': (8, 3), 'part4': (9, 8), 'part5': (8, 6), 'part6': (7, 7), 'part7': (2, 7), 'part8': (5, 2), 'part9': (5, 9), 'part10': (8, 8), 'part11': (10, 5), 'part12': (7, 6), 'part13': (7, 9), 'part14': (6, 7), 'part15': (10, 4), 'part16': (9, 3), 'part17': (8, 7), 'part18': (8, 10), 'part19': (6, 8), 'part20': (7, 8)} 
ENERGY: -22.283972896031557 
JUMP? False 
NEW: {'part1': (10, 3), 'part2': (9, 7), 'part3': (8, 3), 'part4': (9, 8), 'part5': (8, 6), 'part6': (7, 7), 'part7': (2, 7), 'part8': (4, 8), 'part9': (5, 9), 'part10': (8, 8), 'part11': (1, 5), 'part12': (7, 6), 'part13': (7, 9), 'part14': (6, 7), 'part15': (10, 4), 'part16': (9, 3), 'part17': (8, 7), 'part18': (8, 10), 'part19': (6, 8), 'part20': (7, 8)} 
ENERGY: -21.510340485634508 
JUMP? False 
NEW: {'part1': (10, 3), 'part2': (9, 7), 'part3': (8, 3), 'part4': (9, 8), 'part5': (8, 6), 'part6': (7, 7), 'part7': (2, 7), 'part8': (4, 8), 'part9': (5, 9), 'part10': (8, 8), 'part11': (10, 5), 'part12': (7, 6), 'part13': (7, 9), 'part14': (6, 7), 'part15': (9, 9), 'part16': (9, 3), 'part17': (8, 7), 'part18': (8, 10), 'part19': (6, 8), 'part20': (7, 8)} 
ENERGY: -21.9011354357016 
JUMP? False 
NEW: {'part1': (10, 3), 'part2': (9, 7), 'part3': (8, 3), 'part4': (4, 3), 'part5': (8, 6), 'part6': (7, 7), 'part7': (2, 7), 'part8': (4, 8), 'part9': (5, 9), 'part10': (8, 8), 'part11': (10, 5), 'part12': (7, 6), 'part13': (7, 9), 'part14': (6, 7), 'part15': (10, 4), 'part16': (9, 3), 'part17': (8, 7), 'part18': (8, 10), 'part19': (6, 8), 'part20': (7, 8)} 
ENERGY: -20.248299480883404 
JUMP? False 
NEW: {'part1': (10, 3), 'part2': (9, 7), 'part3': (8, 3), 'part4': (9, 8), 'part5': (8, 6), 'part6': (7, 7), 'part7': (2, 7), 'part8': (4, 8), 'part9': (5, 9), 'part10': (8, 8), 'part11': (10, 5), 'part12': (7, 6), 'part13': (7, 9), 'part14': (6, 7), 'part15': (10, 4), 'part16': (3, 7), 'part17': (8, 7), 'part18': (8, 10), 'part19': (6, 8), 'part20': (7, 8)} 
ENERGY: -21.577269595104497 
JUMP? False 
NEW: {'part1': (5, 10), 'part2': (9, 7), 'part3': (8, 3), 'part4': (9, 8), 'part5': (8, 6), 'part6': (7, 7), 'part7': (2, 7), 'part8': (4, 8), 'part9': (5, 9), 'part10': (8, 8), 'part11': (10, 5), 'part12': (7, 6), 'part13': (7, 9), 'part14': (6, 7), 'part15': (10, 4), 'part16': (9, 3), 'part17': (8, 7), 'part18': (8, 10), 'part19': (6, 8), 'part20': (7, 8)} 
ENERGY: -21.582415275458988 
JUMP? False 
NEW: {'part1': (10, 3), 'part2': (9, 7), 'part3': (8, 3), 'part4': (9, 8), 'part5': (8, 6), 'part6': (7, 7), 'part7': (2, 7), 'part8': (4, 8), 'part9': (6, 5), 'part10': (8, 8), 'part11': (10, 5), 'part12': (7, 6), 'part13': (7, 9), 'part14': (6, 7), 'part15': (10, 4), 'part16': (9, 3), 'part17': (8, 7), 'part18': (8, 10), 'part19': (6, 8), 'part20': (7, 8)} 
ENERGY: -22.359420298745405 
JUMP? False 
NEW: {'part1': (10, 3), 'part2': (9, 7), 'part3': (8, 3), 'part4': (9, 8), 'part5': (8, 6), 'part6': (7, 7), 'part7': (2, 7), 'part8': (4, 8), 'part9': (5, 9), 'part10': (8, 8), 'part11': (10, 5), 'part12': (7, 6), 'part13': (7, 9), 'part14': (6, 7), 'part15': (10, 4), 'part16': (9, 3), 'part17': (8, 7), 'part18': (10, 9), 'part19': (6, 8), 'part20': (7, 8)} 
ENERGY: -22.553586201234616 
JUMP? False 
NEW: {'part1': (10, 3), 'part2': (9, 7), 'part3': (8, 3), 'part4': (9, 8), 'part5': (8, 6), 'part6': (7, 7), 'part7': (2, 7), 'part8': (4, 8), 'part9': (5, 9), 'part10': (8, 8), 'part11': (10, 5), 'part12': (7, 6), 'part13': (9, 9), 'part14': (6, 7), 'part15': (10, 4), 'part16': (9, 3), 'part17': (8, 7), 'part18': (8, 10), 'part19': (6, 8), 'part20': (7, 8)} 
ENERGY: -22.30576911754567 
JUMP? False 
NEW: {'part1': (10, 3), 'part2': (9, 7), 'part3': (8, 3), 'part4': (9, 8), 'part5': (8, 6), 'part6': (7, 7), 'part7': (2, 7), 'part8': (4, 8), 'part9': (9, 10), 'part10': (8, 8), 'part11': (10, 5), 'part12': (7, 6), 'part13': (7, 9), 'part14': (6, 7), 'part15': (10, 4), 'part16': (9, 3), 'part17': (8, 7), 'part18': (8, 10), 'part19': (6, 8), 'part20': (7, 8)} 
ENERGY: -23.11838945979637 
JUMP? True 
NEW: {'part1': (10, 3), 'part2': (9, 7), 'part3': (8, 3), 'part4': (9, 8), 'part5': (8, 6), 'part6': (7, 7), 'part7': (2, 7), 'part8': (4, 8), 'part9': (9, 10), 'part10': (8, 8), 'part11': (10, 5), 'part12': (7, 6), 'part13': (6, 6), 'part14': (6, 7), 'part15': (10, 4), 'part16': (9, 3), 'part17': (8, 7), 'part18': (8, 10), 'part19': (6, 8), 'part20': (7, 8)} 
ENERGY: -23.651313960285183 
JUMP? True 
NEW: {'part1': (10, 3), 'part2': (9, 7), 'part3': (8, 3), 'part4': (9, 8), 'part5': (8, 6), 'part6': (7, 7), 'part7': (2, 7), 'part8': (4, 8), 'part9': (9, 10), 'part10': (9, 9), 'part11': (10, 5), 'part12': (7, 6), 'part13': (6, 6), 'part14': (6, 7), 'part15': (10, 4), 'part16': (9, 3), 'part17': (8, 7), 'part18': (8, 10), 'part19': (6, 8), 'part20': (7, 8)} 
ENERGY: -22.343910129913965 
JUMP? False 
NEW: {'part1': (10, 3), 'part2': (9, 7), 'part3': (8, 3), 'part4': (9, 8), 'part5': (8, 6), 'part6': (7, 7), 'part7': (2, 7), 'part8': (4, 8), 'part9': (9, 10), 'part10': (8, 8), 'part11': (10, 5), 'part12': (7, 6), 'part13': (6, 6), 'part14': (6, 7), 'part15': (10, 4), 'part16': (9, 3), 'part17': (1, 5), 'part18': (8, 10), 'part19': (6, 8), 'part20': (7, 8)} 
ENERGY: -18.89085565768081 
JUMP? False 
NEW: {'part1': (10, 3), 'part2': (9, 7), 'part3': (8, 3), 'part4': (9, 8), 'part5': (8, 6), 'part6': (7, 7), 'part7': (2, 7), 'part8': (4, 8), 'part9': (2, 9), 'part10': (8, 8), 'part11': (10, 5), 'part12': (7, 6), 'part13': (6, 6), 'part14': (6, 7), 'part15': (10, 4), 'part16': (9, 3), 'part17': (8, 7), 'part18': (8, 10), 'part19': (6, 8), 'part20': (7, 8)} 
ENERGY: -22.640638854137475 
JUMP? False 
NEW: {'part1': (10, 3), 'part2': (9, 7), 'part3': (8, 3), 'part4': (9, 8), 'part5': (10, 9), 'part6': (7, 7), 'part7': (2, 7), 'part8': (4, 8), 'part9': (9, 10), 'part10': (8, 8), 'part11': (10, 5), 'part12': (7, 6), 'part13': (6, 6), 'part14': (6, 7), 'part15': (10, 4), 'part16': (9, 3), 'part17': (8, 7), 'part18': (8, 10), 'part19': (6, 8), 'part20': (7, 8)} 
ENERGY: -21.56744090432037 
JUMP? False 
NEW: {'part1': (10, 3), 'part2': (9, 7), 'part3': (8, 3), 'part4': (9, 8), 'part5': (8, 6), 'part6': (7, 7), 'part7': (2, 7), 'part8': (3, 8), 'part9': (9, 10), 'part10': (8, 8), 'part11': (10, 5), 'part12': (7, 6), 'part13': (6, 6), 'part14': (6, 7), 'part15': (10, 4), 'part16': (9, 3), 'part17': (8, 7), 'part18': (8, 10), 'part19': (6, 8), 'part20': (7, 8)} 
ENERGY: -23.818811851435004 
JUMP? True 
NEW: {'part1': (10, 3), 'part2': (9, 7), 'part3': (8, 3), 'part4': (9, 8), 'part5': (8, 6), 'part6': (8, 5), 'part7': (2, 7), 'part8': (3, 8), 'part9': (9, 10), 'part10': (8, 8), 'part11': (10, 5), 'part12': (7, 6), 'part13': (6, 6), 'part14': (6, 7), 'part15': (10, 4), 'part16': (9, 3), 'part17': (8, 7), 'part18': (8, 10), 'part19': (6, 8), 'part20': (7, 8)} 
ENERGY: -20.235801851988207 
JUMP? False 
NEW: {'part1': (10, 3), 'part2': (9, 7), 'part3': (8, 3), 'part4': (9, 8), 'part5': (8, 6), 'part6': (7, 7), 'part7': (2, 7), 'part8': (3, 8), 'part9': (8, 2), 'part10': (8, 8), 'part11': (10, 5), 'part12': (7, 6), 'part13': (6, 6), 'part14': (6, 7), 'part15': (10, 4), 'part16': (9, 3), 'part17': (8, 7), 'part18': (8, 10), 'part19': (6, 8), 'part20': (7, 8)} 
ENERGY: -24.0169200699744 
JUMP? True 
NEW: {'part1': (10, 3), 'part2': (9, 7), 'part3': (8, 3), 'part4': (9, 8), 'part5': (8, 6), 'part6': (7, 7), 'part7': (2, 7), 'part8': (3, 8), 'part9': (8, 2), 'part10': (8, 8), 'part11': (10, 5), 'part12': (7, 6), 'part13': (6, 6), 'part14': (5, 1), 'part15': (10, 4), 'part16': (9, 3), 'part17': (8, 7), 'part18': (8, 10), 'part19': (6, 8), 'part20': (7, 8)} 
ENERGY: -20.479974509056333 
JUMP? False 
NEW: {'part1': (10, 3), 'part2': (9, 7), 'part3': (8, 3), 'part4': (9, 8), 'part5': (8, 6), 'part6': (7, 7), 'part7': (2, 7), 'part8': (3, 8), 'part9': (1, 9), 'part10': (8, 8), 'part11': (10, 5), 'part12': (7, 6), 'part13': (6, 6), 'part14': (6, 7), 'part15': (10, 4), 'part16': (9, 3), 'part17': (8, 7), 'part18': (8, 10), 'part19': (6, 8), 'part20': (7, 8)} 
ENERGY: -22.792326014420528 
JUMP? False 
NEW: {'part1': (10, 3), 'part2': (9, 7), 'part3': (8, 3), 'part4': (9, 8), 'part5': (8, 6), 'part6': (7, 7), 'part7': (2, 7), 'part8': (6, 2), 'part9': (8, 2), 'part10': (8, 8), 'part11': (10, 5), 'part12': (7, 6), 'part13': (6, 6), 'part14': (6, 7), 'part15': (10, 4), 'part16': (9, 3), 'part17': (8, 7), 'part18': (8, 10), 'part19': (6, 8), 'part20': (7, 8)} 
ENERGY: -23.826621259405954 
JUMP? False 
NEW: {'part1': (10, 3), 'part2': (9, 7), 'part3': (8, 3), 'part4': (9, 8), 'part5': (8, 6), 'part6': (7, 7), 'part7': (2, 7), 'part8': (3, 8), 'part9': (8, 2), 'part10': (8, 8), 'part11': (5, 7), 'part12': (7, 6), 'part13': (6, 6), 'part14': (6, 7), 'part15': (10, 4), 'part16': (9, 3), 'part17': (8, 7), 'part18': (8, 10), 'part19': (6, 8), 'part20': (7, 8)} 
ENERGY: -24.480950296588517 
JUMP? True 
NEW: {'part1': (10, 3), 'part2': (9, 7), 'part3': (8, 3), 'part4': (9, 8), 'part5': (8, 6), 'part6': (7, 7), 'part7': (2, 7), 'part8': (3, 8), 'part9': (8, 2), 'part10': (8, 8), 'part11': (5, 7), 'part12': (7, 6), 'part13': (2, 1), 'part14': (6, 7), 'part15': (10, 4), 'part16': (9, 3), 'part17': (8, 7), 'part18': (8, 10), 'part19': (6, 8), 'part20': (7, 8)} 
ENERGY: -21.90830763729849 
JUMP? False 
NEW: {'part1': (10, 3), 'part2': (9, 7), 'part3': (8, 3), 'part4': (9, 8), 'part5': (7, 3), 'part6': (7, 7), 'part7': (2, 7), 'part8': (3, 8), 'part9': (8, 2), 'part10': (8, 8), 'part11': (5, 7), 'part12': (7, 6), 'part13': (6, 6), 'part14': (6, 7), 'part15': (10, 4), 'part16': (9, 3), 'part17': (8, 7), 'part18': (8, 10), 'part19': (6, 8), 'part20': (7, 8)} 
ENERGY: -23.16300342729338 
JUMP? False 
NEW: {'part1': (10, 3), 'part2': (9, 10), 'part3': (8, 3), 'part4': (9, 8), 'part5': (8, 6), 'part6': (7, 7), 'part7': (2, 7), 'part8': (3, 8), 'part9': (8, 2), 'part10': (8, 8), 'part11': (5, 7), 'part12': (7, 6), 'part13': (6, 6), 'part14': (6, 7), 'part15': (10, 4), 'part16': (9, 3), 'part17': (8, 7), 'part18': (8, 10), 'part19': (6, 8), 'part20': (7, 8)} 
ENERGY: -22.99267990378902 
JUMP? False 
NEW: {'part1': (10, 3), 'part2': (9, 7), 'part3': (8, 3), 'part4': (9, 8), 'part5': (8, 6), 'part6': (7, 7), 'part7': (2, 7), 'part8': (3, 8), 'part9': (8, 2), 'part10': (8, 8), 'part11': (5, 7), 'part12': (7, 6), 'part13': (6, 6), 'part14': (6, 7), 'part15': (10, 4), 'part16': (9, 3), 'part17': (4, 8), 'part18': (8, 10), 'part19': (6, 8), 'part20': (7, 8)} 
ENERGY: -21.01524165823752 
JUMP? False 
NEW: {'part1': (10, 3), 'part2': (9, 7), 'part3': (8, 3), 'part4': (9, 8), 'part5': (8, 6), 'part6': (7, 7), 'part7': (2, 7), 'part8': (3, 8), 'part9': (8, 2), 'part10': (8, 8), 'part11': (5, 7), 'part12': (7, 6), 'part13': (6, 6), 'part14': (6, 7), 'part15': (6, 1), 'part16': (9, 3), 'part17': (8, 7), 'part18': (8, 10), 'part19': (6, 8), 'part20': (7, 8)} 
ENERGY: -23.238935023362757 
JUMP? False 
NEW: {'part1': (10, 3), 'part2': (9, 7), 'part3': (8, 3), 'part4': (9, 8), 'part5': (8, 6), 'part6': (7, 7), 'part7': (2, 7), 'part8': (3, 8), 'part9': (8, 2), 'part10': (8, 8), 'part11': (5, 7), 'part12': (7, 6), 'part13': (6, 6), 'part14': (6, 7), 'part15': (10, 4), 'part16': (9, 3), 'part17': (6, 3), 'part18': (8, 10), 'part19': (6, 8), 'part20': (7, 8)} 
ENERGY: -19.765282717619463 
JUMP? False 
NEW: {'part1': (10, 3), 'part2': (9, 7), 'part3': (8, 3), 'part4': (9, 8), 'part5': (1, 7), 'part6': (7, 7), 'part7': (2, 7), 'part8': (3, 8), 'part9': (8, 2), 'part10': (8, 8), 'part11': (5, 7), 'part12': (7, 6), 'part13': (6, 6), 'part14': (6, 7), 'part15': (10, 4), 'part16': (9, 3), 'part17': (8, 7), 'part18': (8, 10), 'part19': (6, 8), 'part20': (7, 8)} 
ENERGY: -22.902807862797747 
JUMP? False 
NEW: {'part1': (10, 3), 'part2': (9, 7), 'part3': (8, 3), 'part4': (9, 8), 'part5': (8, 6), 'part6': (5, 9), 'part7': (2, 7), 'part8': (3, 8), 'part9': (8, 2), 'part10': (8, 8), 'part11': (5, 7), 'part12': (7, 6), 'part13': (6, 6), 'part14': (6, 7), 'part15': (10, 4), 'part16': (9, 3), 'part17': (8, 7), 'part18': (8, 10), 'part19': (6, 8), 'part20': (7, 8)} 
ENERGY: -19.78471299151507 
JUMP? False 
NEW: {'part1': (10, 3), 'part2': (9, 7), 'part3': (8, 3), 'part4': (9, 8), 'part5': (8, 6), 'part6': (7, 7), 'part7': (2, 7), 'part8': (3, 8), 'part9': (8, 2), 'part10': (8, 8), 'part11': (5, 7), 'part12': (7, 6), 'part13': (6, 6), 'part14': (6, 7), 'part15': (10, 4), 'part16': (1, 7), 'part17': (8, 7), 'part18': (8, 10), 'part19': (6, 8), 'part20': (7, 8)} 
ENERGY: -23.024199357821573 
JUMP? False 
NEW: {'part1': (10, 3), 'part2': (9, 7), 'part3': (8, 3), 'part4': (9, 8), 'part5': (8, 6), 'part6': (7, 7), 'part7': (2, 7), 'part8': (3, 8), 'part9': (8, 2), 'part10': (8, 8), 'part11': (5, 7), 'part12': (4, 3), 'part13': (6, 6), 'part14': (6, 7), 'part15': (10, 4), 'part16': (9, 3), 'part17': (8, 7), 'part18': (8, 10), 'part19': (6, 8), 'part20': (7, 8)} 
ENERGY: -20.911774735803306 
JUMP? False 
NEW: {'part1': (10, 3), 'part2': (9, 7), 'part3': (8, 3), 'part4': (9, 8), 'part5': (8, 6), 'part6': (7, 7), 'part7': (2, 7), 'part8': (3, 8), 'part9': (8, 2), 'part10': (2, 4), 'part11': (5, 7), 'part12': (7, 6), 'part13': (6, 6), 'part14': (6, 7), 'part15': (10, 4), 'part16': (9, 3), 'part17': (8, 7), 'part18': (8, 10), 'part19': (6, 8), 'part20': (7, 8)} 
ENERGY: -20.884894300707636 
JUMP? False 
NEW: {'part1': (10, 3), 'part2': (9, 7), 'part3': (8, 3), 'part4': (7, 1), 'part5': (8, 6), 'part6': (7, 7), 'part7': (2, 7), 'part8': (3, 8), 'part9': (8, 2), 'part10': (8, 8), 'part11': (5, 7), 'part12': (7, 6), 'part13': (6, 6), 'part14': (6, 7), 'part15': (10, 4), 'part16': (9, 3), 'part17': (8, 7), 'part18': (8, 10), 'part19': (6, 8), 'part20': (7, 8)} 
ENERGY: -22.413015233227796 
JUMP? False 
NEW: {'part1': (10, 3), 'part2': (9, 7), 'part3': (8, 3), 'part4': (9, 8), 'part5': (8, 6), 'part6': (7, 7), 'part7': (2, 7), 'part8': (3, 8), 'part9': (3, 7), 'part10': (8, 8), 'part11': (5, 7), 'part12': (7, 6), 'part13': (6, 6), 'part14': (6, 7), 'part15': (10, 4), 'part16': (9, 3), 'part17': (8, 7), 'part18': (8, 10), 'part19': (6, 8), 'part20': (7, 8)} 
ENERGY: -25.264521786521364 
JUMP? True 
NEW: {'part1': (10, 3), 'part2': (9, 7), 'part3': (8, 3), 'part4': (9, 8), 'part5': (8, 6), 'part6': (7, 7), 'part7': (2, 7), 'part8': (3, 8), 'part9': (3, 7), 'part10': (8, 8), 'part11': (5, 7), 'part12': (7, 6), 'part13': (6, 6), 'part14': (6, 7), 'part15': (10, 4), 'part16': (9, 9), 'part17': (8, 7), 'part18': (8, 10), 'part19': (6, 8), 'part20': (7, 8)} 
ENERGY: -24.567358391717384 
JUMP? False 
NEW: {'part1': (10, 3), 'part2': (9, 7), 'part3': (8, 3), 'part4': (9, 8), 'part5': (8, 6), 'part6': (7, 7), 'part7': (2, 7), 'part8': (3, 8), 'part9': (3, 7), 'part10': (8, 8), 'part11': (5, 7), 'part12': (7, 6), 'part13': (6, 6), 'part14': (6, 7), 'part15': (10, 4), 'part16': (9, 3), 'part17': (7, 1), 'part18': (8, 10), 'part19': (6, 8), 'part20': (7, 8)} 
ENERGY: -20.512382627766144 
JUMP? False 
NEW: {'part1': (10, 3), 'part2': (9, 7), 'part3': (8, 3), 'part4': (9, 8), 'part5': (8, 6), 'part6': (7, 7), 'part7': (2, 7), 'part8': (3, 8), 'part9': (3, 7), 'part10': (8, 8), 'part11': (2, 6), 'part12': (7, 6), 'part13': (6, 6), 'part14': (6, 7), 'part15': (10, 4), 'part16': (9, 3), 'part17': (8, 7), 'part18': (8, 10), 'part19': (6, 8), 'part20': (7, 8)} 
ENERGY: -24.92694414219227 
JUMP? False 
NEW: {'part1': (10, 3), 'part2': (9, 7), 'part3': (8, 3), 'part4': (9, 8), 'part5': (8, 6), 'part6': (7, 7), 'part7': (2, 7), 'part8': (3, 8), 'part9': (3, 7), 'part10': (8, 8), 'part11': (5, 7), 'part12': (7, 6), 'part13': (6, 6), 'part14': (6, 7), 'part15': (10, 4), 'part16': (5, 8), 'part17': (8, 7), 'part18': (8, 10), 'part19': (6, 8), 'part20': (7, 8)} 
ENERGY: -25.38278788477453 
JUMP? True 
NEW: {'part1': (10, 3), 'part2': (9, 7), 'part3': (8, 3), 'part4': (9, 8), 'part5': (8, 6), 'part6': (7, 7), 'part7': (1, 9), 'part8': (3, 8), 'part9': (3, 7), 'part10': (8, 8), 'part11': (5, 7), 'part12': (7, 6), 'part13': (6, 6), 'part14': (6, 7), 'part15': (10, 4), 'part16': (5, 8), 'part17': (8, 7), 'part18': (8, 10), 'part19': (6, 8), 'part20': (7, 8)} 
ENERGY: -24.162724293937607 
JUMP? False 
NEW: {'part1': (10, 3), 'part2': (9, 7), 'part3': (8, 3), 'part4': (9, 8), 'part5': (8, 6), 'part6': (7, 7), 'part7': (2, 7), 'part8': (3, 8), 'part9': (3, 7), 'part10': (8, 8), 'part11': (5, 7), 'part12': (7, 6), 'part13': (6, 6), 'part14': (6, 7), 'part15': (10, 4), 'part16': (5, 8), 'part17': (8, 7), 'part18': (8, 10), 'part19': (2, 1), 'part20': (7, 8)} 
ENERGY: -21.802558298404634 
JUMP? False 
NEW: {'part1': (10, 3), 'part2': (9, 7), 'part3': (8, 3), 'part4': (2, 5), 'part5': (8, 6), 'part6': (7, 7), 'part7': (2, 7), 'part8': (3, 8), 'part9': (3, 7), 'part10': (8, 8), 'part11': (5, 7), 'part12': (7, 6), 'part13': (6, 6), 'part14': (6, 7), 'part15': (10, 4), 'part16': (5, 8), 'part17': (8, 7), 'part18': (8, 10), 'part19': (6, 8), 'part20': (7, 8)} 
ENERGY: -23.109802549864412 
JUMP? False 
NEW: {'part1': (2, 8), 'part2': (9, 7), 'part3': (8, 3), 'part4': (9, 8), 'part5': (8, 6), 'part6': (7, 7), 'part7': (2, 7), 'part8': (3, 8), 'part9': (3, 7), 'part10': (8, 8), 'part11': (5, 7), 'part12': (7, 6), 'part13': (6, 6), 'part14': (6, 7), 'part15': (10, 4), 'part16': (5, 8), 'part17': (8, 7), 'part18': (8, 10), 'part19': (6, 8), 'part20': (7, 8)} 
ENERGY: -26.589980239372817 
JUMP? True 
NEW: {'part1': (2, 8), 'part2': (9, 7), 'part3': (8, 3), 'part4': (9, 8), 'part5': (5, 10), 'part6': (7, 7), 'part7': (2, 7), 'part8': (3, 8), 'part9': (3, 7), 'part10': (8, 8), 'part11': (5, 7), 'part12': (7, 6), 'part13': (6, 6), 'part14': (6, 7), 'part15': (10, 4), 'part16': (5, 8), 'part17': (8, 7), 'part18': (8, 10), 'part19': (6, 8), 'part20': (7, 8)} 
ENERGY: -24.064808555319974 
JUMP? False 
NEW: {'part1': (2, 8), 'part2': (9, 7), 'part3': (8, 3), 'part4': (9, 8), 'part5': (8, 6), 'part6': (7, 7), 'part7': (8, 2), 'part8': (3, 8), 'part9': (3, 7), 'part10': (8, 8), 'part11': (5, 7), 'part12': (7, 6), 'part13': (6, 6), 'part14': (6, 7), 'part15': (10, 4), 'part16': (5, 8), 'part17': (8, 7), 'part18': (8, 10), 'part19': (6, 8), 'part20': (7, 8)} 
ENERGY: -25.354759169186046 
JUMP? False 
NEW: {'part1': (2, 8), 'part2': (1, 2), 'part3': (8, 3), 'part4': (9, 8), 'part5': (8, 6), 'part6': (7, 7), 'part7': (2, 7), 'part8': (3, 8), 'part9': (3, 7), 'part10': (8, 8), 'part11': (5, 7), 'part12': (7, 6), 'part13': (6, 6), 'part14': (6, 7), 'part15': (10, 4), 'part16': (5, 8), 'part17': (8, 7), 'part18': (8, 10), 'part19': (6, 8), 'part20': (7, 8)} 
ENERGY: -24.046626258518117 
JUMP? False 
NEW: {'part1': (2, 8), 'part2': (9, 7), 'part3': (8, 3), 'part4': (9, 8), 'part5': (8, 6), 'part6': (7, 7), 'part7': (2, 7), 'part8': (3, 8), 'part9': (3, 7), 'part10': (8, 8), 'part11': (5, 7), 'part12': (7, 6), 'part13': (6, 6), 'part14': (6, 7), 'part15': (10, 4), 'part16': (5, 8), 'part17': (8, 7), 'part18': (8, 10), 'part19': (7, 10), 'part20': (7, 8)} 
ENERGY: -24.074178928752183 
JUMP? False 
NEW: {'part1': (2, 8), 'part2': (9, 7), 'part3': (8, 3), 'part4': (9, 8), 'part5': (8, 6), 'part6': (7, 7), 'part7': (2, 7), 'part8': (3, 8), 'part9': (3, 7), 'part10': (2, 4), 'part11': (5, 7), 'part12': (7, 6), 'part13': (6, 6), 'part14': (6, 7), 'part15': (10, 4), 'part16': (5, 8), 'part17': (8, 7), 'part18': (8, 10), 'part19': (6, 8), 'part20': (7, 8)} 
ENERGY: -22.993825328470802 
JUMP? False 
NEW: {'part1': (1, 6), 'part2': (9, 7), 'part3': (8, 3), 'part4': (9, 8), 'part5': (8, 6), 'part6': (7, 7), 'part7': (2, 7), 'part8': (3, 8), 'part9': (3, 7), 'part10': (8, 8), 'part11': (5, 7), 'part12': (7, 6), 'part13': (6, 6), 'part14': (6, 7), 'part15': (10, 4), 'part16': (5, 8), 'part17': (8, 7), 'part18': (8, 10), 'part19': (6, 8), 'part20': (7, 8)} 
ENERGY: -24.604593777791877 
JUMP? False 
NEW: {'part1': (2, 8), 'part2': (9, 7), 'part3': (2, 4), 'part4': (9, 8), 'part5': (8, 6), 'part6': (7, 7), 'part7': (2, 7), 'part8': (3, 8), 'part9': (3, 7), 'part10': (8, 8), 'part11': (5, 7), 'part12': (7, 6), 'part13': (6, 6), 'part14': (6, 7), 'part15': (10, 4), 'part16': (5, 8), 'part17': (8, 7), 'part18': (8, 10), 'part19': (6, 8), 'part20': (7, 8)} 
ENERGY: -26.572945311518964 
JUMP? False 
NEW: {'part1': (2, 8), 'part2': (9, 7), 'part3': (8, 3), 'part4': (2, 3), 'part5': (8, 6), 'part6': (7, 7), 'part7': (2, 7), 'part8': (3, 8), 'part9': (3, 7), 'part10': (8, 8), 'part11': (5, 7), 'part12': (7, 6), 'part13': (6, 6), 'part14': (6, 7), 'part15': (10, 4), 'part16': (5, 8), 'part17': (8, 7), 'part18': (8, 10), 'part19': (6, 8), 'part20': (7, 8)} 
ENERGY: -24.267441743272226 
JUMP? False 
NEW: {'part1': (2, 8), 'part2': (9, 7), 'part3': (8, 3), 'part4': (9, 8), 'part5': (8, 6), 'part6': (7, 7), 'part7': (2, 7), 'part8': (3, 8), 'part9': (3, 7), 'part10': (8, 8), 'part11': (4, 2), 'part12': (7, 6), 'part13': (6, 6), 'part14': (6, 7), 'part15': (10, 4), 'part16': (5, 8), 'part17': (8, 7), 'part18': (8, 10), 'part19': (6, 8), 'part20': (7, 8)} 
ENERGY: -23.999953565057112 
JUMP? False 
NEW: {'part1': (2, 8), 'part2': (9, 7), 'part3': (8, 3), 'part4': (9, 8), 'part5': (8, 6), 'part6': (7, 7), 'part7': (2, 7), 'part8': (10, 6), 'part9': (3, 7), 'part10': (8, 8), 'part11': (5, 7), 'part12': (7, 6), 'part13': (6, 6), 'part14': (6, 7), 'part15': (10, 4), 'part16': (5, 8), 'part17': (8, 7), 'part18': (8, 10), 'part19': (6, 8), 'part20': (7, 8)} 
ENERGY: -24.641698752944496 
JUMP? False 
NEW: {'part1': (2, 8), 'part2': (9, 7), 'part3': (8, 3), 'part4': (9, 8), 'part5': (8, 6), 'part6': (5, 9), 'part7': (2, 7), 'part8': (3, 8), 'part9': (3, 7), 'part10': (8, 8), 'part11': (5, 7), 'part12': (7, 6), 'part13': (6, 6), 'part14': (6, 7), 'part15': (10, 4), 'part16': (5, 8), 'part17': (8, 7), 'part18': (8, 10), 'part19': (6, 8), 'part20': (7, 8)} 
ENERGY: -22.883564823345434 
JUMP? False 
NEW: {'part1': (2, 8), 'part2': (9, 7), 'part3': (8, 3), 'part4': (6, 9), 'part5': (8, 6), 'part6': (7, 7), 'part7': (2, 7), 'part8': (3, 8), 'part9': (3, 7), 'part10': (8, 8), 'part11': (5, 7), 'part12': (7, 6), 'part13': (6, 6), 'part14': (6, 7), 'part15': (10, 4), 'part16': (5, 8), 'part17': (8, 7), 'part18': (8, 10), 'part19': (6, 8), 'part20': (7, 8)} 
ENERGY: -25.843296791523258 
JUMP? False 
NEW: {'part1': (2, 8), 'part2': (9, 7), 'part3': (8, 3), 'part4': (9, 8), 'part5': (8, 6), 'part6': (7, 7), 'part7': (2, 7), 'part8': (3, 8), 'part9': (3, 7), 'part10': (1, 3), 'part11': (5, 7), 'part12': (7, 6), 'part13': (6, 6), 'part14': (6, 7), 'part15': (10, 4), 'part16': (5, 8), 'part17': (8, 7), 'part18': (8, 10), 'part19': (6, 8), 'part20': (7, 8)} 
ENERGY: -22.988125211219586 
JUMP? False 
NEW: {'part1': (2, 8), 'part2': (9, 7), 'part3': (8, 4), 'part4': (9, 8), 'part5': (8, 6), 'part6': (7, 7), 'part7': (2, 7), 'part8': (3, 8), 'part9': (3, 7), 'part10': (8, 8), 'part11': (5, 7), 'part12': (7, 6), 'part13': (6, 6), 'part14': (6, 7), 'part15': (10, 4), 'part16': (5, 8), 'part17': (8, 7), 'part18': (8, 10), 'part19': (6, 8), 'part20': (7, 8)} 
ENERGY: -26.657821855759693 
JUMP? True 
NEW: {'part1': (2, 8), 'part2': (9, 7), 'part3': (8, 4), 'part4': (9, 8), 'part5': (8, 6), 'part6': (7, 7), 'part7': (3, 9), 'part8': (3, 8), 'part9': (3, 7), 'part10': (8, 8), 'part11': (5, 7), 'part12': (7, 6), 'part13': (6, 6), 'part14': (6, 7), 'part15': (10, 4), 'part16': (5, 8), 'part17': (8, 7), 'part18': (8, 10), 'part19': (6, 8), 'part20': (7, 8)} 
ENERGY: -25.706553077754382 
JUMP? False 
NEW: {'part1': (2, 8), 'part2': (9, 7), 'part3': (8, 4), 'part4': (9, 8), 'part5': (8, 6), 'part6': (9, 4), 'part7': (2, 7), 'part8': (3, 8), 'part9': (3, 7), 'part10': (8, 8), 'part11': (5, 7), 'part12': (7, 6), 'part13': (6, 6), 'part14': (6, 7), 'part15': (10, 4), 'part16': (5, 8), 'part17': (8, 7), 'part18': (8, 10), 'part19': (6, 8), 'part20': (7, 8)} 
ENERGY: -23.648345918335284 
JUMP? False 
NEW: {'part1': (2, 8), 'part2': (9, 7), 'part3': (8, 4), 'part4': (9, 8), 'part5': (8, 6), 'part6': (7, 7), 'part7': (2, 7), 'part8': (3, 8), 'part9': (3, 7), 'part10': (8, 8), 'part11': (1, 4), 'part12': (7, 6), 'part13': (6, 6), 'part14': (6, 7), 'part15': (10, 4), 'part16': (5, 8), 'part17': (8, 7), 'part18': (8, 10), 'part19': (6, 8), 'part20': (7, 8)} 
ENERGY: -24.07005946310371 
JUMP? False 
NEW: {'part1': (2, 8), 'part2': (9, 7), 'part3': (8, 4), 'part4': (9, 8), 'part5': (8, 6), 'part6': (2, 1), 'part7': (2, 7), 'part8': (3, 8), 'part9': (3, 7), 'part10': (8, 8), 'part11': (5, 7), 'part12': (7, 6), 'part13': (6, 6), 'part14': (6, 7), 'part15': (10, 4), 'part16': (5, 8), 'part17': (8, 7), 'part18': (8, 10), 'part19': (6, 8), 'part20': (7, 8)} 
ENERGY: -21.621228489705985 
JUMP? False 
NEW: {'part1': (2, 8), 'part2': (9, 7), 'part3': (8, 4), 'part4': (9, 8), 'part5': (8, 6), 'part6': (7, 7), 'part7': (2, 7), 'part8': (3, 8), 'part9': (3, 7), 'part10': (1, 10), 'part11': (5, 7), 'part12': (7, 6), 'part13': (6, 6), 'part14': (6, 7), 'part15': (10, 4), 'part16': (5, 8), 'part17': (8, 7), 'part18': (8, 10), 'part19': (6, 8), 'part20': (7, 8)} 
ENERGY: -23.077881266978572 
JUMP? False 
NEW: {'part1': (2, 8), 'part2': (9, 7), 'part3': (8, 4), 'part4': (9, 8), 'part5': (8, 6), 'part6': (7, 7), 'part7': (2, 7), 'part8': (3, 8), 'part9': (3, 7), 'part10': (8, 8), 'part11': (4, 7), 'part12': (7, 6), 'part13': (6, 6), 'part14': (6, 7), 'part15': (10, 4), 'part16': (5, 8), 'part17': (8, 7), 'part18': (8, 10), 'part19': (6, 8), 'part20': (7, 8)} 
ENERGY: -25.65327131315102 
JUMP? False 
NEW: {'part1': (2, 8), 'part2': (9, 7), 'part3': (8, 4), 'part4': (9, 8), 'part5': (8, 6), 'part6': (7, 7), 'part7': (2, 7), 'part8': (3, 8), 'part9': (3, 7), 'part10': (8, 8), 'part11': (5, 7), 'part12': (7, 6), 'part13': (6, 6), 'part14': (6, 7), 'part15': (10, 4), 'part16': (5, 8), 'part17': (8, 7), 'part18': (8, 10), 'part19': (2, 6), 'part20': (7, 8)} 
ENERGY: -24.362335151538964 
JUMP? False 
NEW: {'part1': (2, 8), 'part2': (9, 7), 'part3': (8, 4), 'part4': (9, 8), 'part5': (1, 2), 'part6': (7, 7), 'part7': (2, 7), 'part8': (3, 8), 'part9': (3, 7), 'part10': (8, 8), 'part11': (5, 7), 'part12': (7, 6), 'part13': (6, 6), 'part14': (6, 7), 'part15': (10, 4), 'part16': (5, 8), 'part17': (8, 7), 'part18': (8, 10), 'part19': (6, 8), 'part20': (7, 8)} 
ENERGY: -24.037199514816038 
JUMP? False 
NEW: {'part1': (2, 8), 'part2': (9, 7), 'part3': (8, 4), 'part4': (9, 8), 'part5': (8, 6), 'part6': (7, 7), 'part7': (2, 7), 'part8': (5, 10), 'part9': (3, 7), 'part10': (8, 8), 'part11': (5, 7), 'part12': (7, 6), 'part13': (6, 6), 'part14': (6, 7), 'part15': (10, 4), 'part16': (5, 8), 'part17': (8, 7), 'part18': (8, 10), 'part19': (6, 8), 'part20': (7, 8)} 
ENERGY: -24.43303075688044 
JUMP? False 
NEW: {'part1': (2, 8), 'part2': (9, 7), 'part3': (8, 4), 'part4': (9, 5), 'part5': (8, 6), 'part6': (7, 7), 'part7': (2, 7), 'part8': (3, 8), 'part9': (3, 7), 'part10': (8, 8), 'part11': (5, 7), 'part12': (7, 6), 'part13': (6, 6), 'part14': (6, 7), 'part15': (10, 4), 'part16': (5, 8), 'part17': (8, 7), 'part18': (8, 10), 'part19': (6, 8), 'part20': (7, 8)} 
ENERGY: -25.109891036718725 
JUMP? False 
NEW: {'part1': (2, 8), 'part2': (9, 7), 'part3': (8, 4), 'part4': (9, 8), 'part5': (8, 6), 'part6': (7, 7), 'part7': (2, 7), 'part8': (3, 8), 'part9': (3, 7), 'part10': (8, 8), 'part11': (5, 7), 'part12': (7, 6), 'part13': (6, 6), 'part14': (6, 7), 'part15': (10, 4), 'part16': (5, 8), 'part17': (8, 7), 'part18': (8, 10), 'part19': (2, 4), 'part20': (7, 8)} 
ENERGY: -23.0834822123865 
JUMP? False 
NEW: {'part1': (2, 8), 'part2': (9, 7), 'part3': (8, 4), 'part4': (9, 8), 'part5': (7, 3), 'part6': (7, 7), 'part7': (2, 7), 'part8': (3, 8), 'part9': (3, 7), 'part10': (8, 8), 'part11': (5, 7), 'part12': (7, 6), 'part13': (6, 6), 'part14': (6, 7), 'part15': (10, 4), 'part16': (5, 8), 'part17': (8, 7), 'part18': (8, 10), 'part19': (6, 8), 'part20': (7, 8)} 
ENERGY: -24.280364375931192 
JUMP? False 
NEW: {'part1': (1, 3), 'part2': (9, 7), 'part3': (8, 4), 'part4': (9, 8), 'part5': (8, 6), 'part6': (7, 7), 'part7': (2, 7), 'part8': (3, 8), 'part9': (3, 7), 'part10': (8, 8), 'part11': (5, 7), 'part12': (7, 6), 'part13': (6, 6), 'part14': (6, 7), 'part15': (10, 4), 'part16': (5, 8), 'part17': (8, 7), 'part18': (8, 10), 'part19': (6, 8), 'part20': (7, 8)} 
ENERGY: -24.418061745313302 
JUMP? False 
NEW: {'part1': (2, 8), 'part2': (9, 7), 'part3': (8, 4), 'part4': (9, 8), 'part5': (8, 6), 'part6': (7, 7), 'part7': (2, 3), 'part8': (3, 8), 'part9': (3, 7), 'part10': (8, 8), 'part11': (5, 7), 'part12': (7, 6), 'part13': (6, 6), 'part14': (6, 7), 'part15': (10, 4), 'part16': (5, 8), 'part17': (8, 7), 'part18': (8, 10), 'part19': (6, 8), 'part20': (7, 8)} 
ENERGY: -24.418092962334864 
JUMP? False 
NEW: {'part1': (3, 1), 'part2': (9, 7), 'part3': (8, 4), 'part4': (9, 8), 'part5': (8, 6), 'part6': (7, 7), 'part7': (2, 7), 'part8': (3, 8), 'part9': (3, 7), 'part10': (8, 8), 'part11': (5, 7), 'part12': (7, 6), 'part13': (6, 6), 'part14': (6, 7), 'part15': (10, 4), 'part16': (5, 8), 'part17': (8, 7), 'part18': (8, 10), 'part19': (6, 8), 'part20': (7, 8)} 
ENERGY: -24.4174196303767 
JUMP? False 
NEW: {'part1': (2, 8), 'part2': (2, 1), 'part3': (8, 4), 'part4': (9, 8), 'part5': (8, 6), 'part6': (7, 7), 'part7': (2, 7), 'part8': (3, 8), 'part9': (3, 7), 'part10': (8, 8), 'part11': (5, 7), 'part12': (7, 6), 'part13': (6, 6), 'part14': (6, 7), 'part15': (10, 4), 'part16': (5, 8), 'part17': (8, 7), 'part18': (8, 10), 'part19': (6, 8), 'part20': (7, 8)} 
ENERGY: -24.112721514676572 
JUMP? False 
NEW: {'part1': (2, 8), 'part2': (9, 7), 'part3': (8, 4), 'part4': (9, 8), 'part5': (8, 6), 'part6': (7, 7), 'part7': (2, 7), 'part8': (6, 1), 'part9': (3, 7), 'part10': (8, 8), 'part11': (5, 7), 'part12': (7, 6), 'part13': (6, 6), 'part14': (6, 7), 'part15': (10, 4), 'part16': (5, 8), 'part17': (8, 7), 'part18': (8, 10), 'part19': (6, 8), 'part20': (7, 8)} 
ENERGY: -24.37084040001264 
JUMP? False 
NEW: {'part1': (2, 8), 'part2': (9, 7), 'part3': (8, 4), 'part4': (9, 8), 'part5': (8, 6), 'part6': (7, 7), 'part7': (2, 7), 'part8': (3, 8), 'part9': (3, 7), 'part10': (3, 10), 'part11': (5, 7), 'part12': (7, 6), 'part13': (6, 6), 'part14': (6, 7), 'part15': (10, 4), 'part16': (5, 8), 'part17': (8, 7), 'part18': (8, 10), 'part19': (6, 8), 'part20': (7, 8)} 
ENERGY: -23.113064154022428 
JUMP? False 
NEW: {'part1': (2, 8), 'part2': (9, 7), 'part3': (8, 4), 'part4': (9, 8), 'part5': (8, 6), 'part6': (7, 7), 'part7': (2, 7), 'part8': (3, 8), 'part9': (3, 7), 'part10': (8, 8), 'part11': (5, 7), 'part12': (7, 6), 'part13': (6, 6), 'part14': (6, 7), 'part15': (10, 4), 'part16': (5, 8), 'part17': (8, 7), 'part18': (8, 10), 'part19': (6, 8), 'part20': (10, 8)} 
ENERGY: -24.308905565720607 
JUMP? False 
NEW: {'part1': (6, 9), 'part2': (9, 7), 'part3': (8, 4), 'part4': (9, 8), 'part5': (8, 6), 'part6': (7, 7), 'part7': (2, 7), 'part8': (3, 8), 'part9': (3, 7), 'part10': (8, 8), 'part11': (5, 7), 'part12': (7, 6), 'part13': (6, 6), 'part14': (6, 7), 'part15': (10, 4), 'part16': (5, 8), 'part17': (8, 7), 'part18': (8, 10), 'part19': (6, 8), 'part20': (7, 8)} 
ENERGY: -25.99627412877122 
JUMP? False 
NEW: {'part1': (2, 8), 'part2': (9, 7), 'part3': (8, 4), 'part4': (9, 8), 'part5': (10, 6), 'part6': (7, 7), 'part7': (2, 7), 'part8': (3, 8), 'part9': (3, 7), 'part10': (8, 8), 'part11': (5, 7), 'part12': (7, 6), 'part13': (6, 6), 'part14': (6, 7), 'part15': (10, 4), 'part16': (5, 8), 'part17': (8, 7), 'part18': (8, 10), 'part19': (6, 8), 'part20': (7, 8)} 
ENERGY: -24.349119538252246 
JUMP? False 
NEW: {'part1': (2, 8), 'part2': (9, 7), 'part3': (8, 4), 'part4': (9, 8), 'part5': (8, 6), 'part6': (7, 7), 'part7': (2, 7), 'part8': (3, 8), 'part9': (3, 7), 'part10': (8, 8), 'part11': (5, 7), 'part12': (7, 6), 'part13': (6, 6), 'part14': (6, 7), 'part15': (10, 4), 'part16': (5, 8), 'part17': (8, 7), 'part18': (10, 10), 'part19': (6, 8), 'part20': (7, 8)} 
ENERGY: -26.605793031279 
JUMP? False 
NEW: {'part1': (2, 9), 'part2': (9, 7), 'part3': (8, 4), 'part4': (9, 8), 'part5': (8, 6), 'part6': (7, 7), 'part7': (2, 7), 'part8': (3, 8), 'part9': (3, 7), 'part10': (8, 8), 'part11': (5, 7), 'part12': (7, 6), 'part13': (6, 6), 'part14': (6, 7), 'part15': (10, 4), 'part16': (5, 8), 'part17': (8, 7), 'part18': (8, 10), 'part19': (6, 8), 'part20': (7, 8)} 
ENERGY: -24.702472252810654 
JUMP? False 
NEW: {'part1': (2, 8), 'part2': (9, 7), 'part3': (8, 4), 'part4': (9, 8), 'part5': (8, 6), 'part6': (7, 7), 'part7': (2, 7), 'part8': (3, 8), 'part9': (3, 7), 'part10': (8, 8), 'part11': (5, 7), 'part12': (7, 6), 'part13': (6, 6), 'part14': (6, 7), 'part15': (10, 4), 'part16': (1, 3), 'part17': (8, 7), 'part18': (8, 10), 'part19': (6, 8), 'part20': (7, 8)} 
ENERGY: -24.29847601890831 
JUMP? False 
NEW: {'part1': (2, 8), 'part2': (9, 7), 'part3': (8, 4), 'part4': (9, 8), 'part5': (8, 6), 'part6': (7, 7), 'part7': (2, 7), 'part8': (3, 8), 'part9': (3, 7), 'part10': (8, 8), 'part11': (5, 7), 'part12': (7, 6), 'part13': (6, 6), 'part14': (2, 1), 'part15': (10, 4), 'part16': (5, 8), 'part17': (8, 7), 'part18': (8, 10), 'part19': (6, 8), 'part20': (7, 8)} 
ENERGY: -21.87975763625634 
JUMP? False 
NEW: {'part1': (2, 8), 'part2': (9, 7), 'part3': (8, 4), 'part4': (9, 8), 'part5': (8, 6), 'part6': (7, 7), 'part7': (2, 7), 'part8': (3, 8), 'part9': (3, 7), 'part10': (8, 8), 'part11': (5, 7), 'part12': (7, 6), 'part13': (6, 6), 'part14': (6, 7), 'part15': (10, 4), 'part16': (1, 9), 'part17': (8, 7), 'part18': (8, 10), 'part19': (6, 8), 'part20': (7, 8)} 
ENERGY: -24.568185518448935 
JUMP? False 
NEW: {'part1': (2, 8), 'part2': (5, 4), 'part3': (8, 4), 'part4': (9, 8), 'part5': (8, 6), 'part6': (7, 7), 'part7': (2, 7), 'part8': (3, 8), 'part9': (3, 7), 'part10': (8, 8), 'part11': (5, 7), 'part12': (7, 6), 'part13': (6, 6), 'part14': (6, 7), 'part15': (10, 4), 'part16': (5, 8), 'part17': (8, 7), 'part18': (8, 10), 'part19': (6, 8), 'part20': (7, 8)} 
ENERGY: -24.14504489673061 
JUMP? False 
NEW: {'part1': (2, 8), 'part2': (9, 7), 'part3': (8, 4), 'part4': (9, 8), 'part5': (8, 6), 'part6': (7, 7), 'part7': (2, 7), 'part8': (4, 6), 'part9': (3, 7), 'part10': (8, 8), 'part11': (5, 7), 'part12': (7, 6), 'part13': (6, 6), 'part14': (6, 7), 'part15': (10, 4), 'part16': (5, 8), 'part17': (8, 7), 'part18': (8, 10), 'part19': (6, 8), 'part20': (7, 8)} 
ENERGY: -24.93188783506093 
JUMP? False 
NEW: {'part1': (2, 8), 'part2': (9, 7), 'part3': (8, 4), 'part4': (9, 8), 'part5': (8, 6), 'part6': (7, 7), 'part7': (2, 7), 'part8': (3, 8), 'part9': (3, 7), 'part10': (8, 8), 'part11': (5, 7), 'part12': (7, 6), 'part13': (6, 6), 'part14': (6, 7), 'part15': (10, 4), 'part16': (5, 8), 'part17': (8, 7), 'part18': (8, 10), 'part19': (1, 3), 'part20': (7, 8)} 
ENERGY: -23.07781345888028 
JUMP? False 
NEW: {'part1': (10, 3), 'part2': (9, 7), 'part3': (8, 4), 'part4': (9, 8), 'part5': (8, 6), 'part6': (7, 7), 'part7': (2, 7), 'part8': (3, 8), 'part9': (3, 7), 'part10': (8, 8), 'part11': (5, 7), 'part12': (7, 6), 'part13': (6, 6), 'part14': (6, 7), 'part15': (10, 4), 'part16': (5, 8), 'part17': (8, 7), 'part18': (8, 10), 'part19': (6, 8), 'part20': (7, 8)} 
ENERGY: -25.435554200911167 
JUMP? False 
NEW: {'part1': (2, 8), 'part2': (9, 7), 'part3': (8, 4), 'part4': (9, 8), 'part5': (8, 6), 'part6': (7, 7), 'part7': (2, 7), 'part8': (3, 8), 'part9': (3, 7), 'part10': (8, 8), 'part11': (5, 7), 'part12': (7, 6), 'part13': (6, 6), 'part14': (6, 7), 'part15': (10, 4), 'part16': (5, 8), 'part17': (8, 7), 'part18': (8, 10), 'part19': (6, 8), 'part20': (3, 9)} 
ENERGY: -24.31993902101097 
JUMP? False 
NEW: {'part1': (2, 8), 'part2': (9, 7), 'part3': (8, 4), 'part4': (9, 8), 'part5': (8, 6), 'part6': (7, 7), 'part7': (2, 7), 'part8': (3, 8), 'part9': (3, 7), 'part10': (8, 8), 'part11': (5, 7), 'part12': (7, 6), 'part13': (6, 6), 'part14': (6, 7), 'part15': (10, 4), 'part16': (5, 8), 'part17': (8, 7), 'part18': (1, 1), 'part19': (6, 8), 'part20': (7, 8)} 
ENERGY: -26.580928752483135 
JUMP? False 
NEW: {'part1': (2, 8), 'part2': (9, 7), 'part3': (8, 4), 'part4': (9, 8), 'part5': (8, 6), 'part6': (7, 7), 'part7': (2, 7), 'part8': (3, 8), 'part9': (3, 7), 'part10': (8, 8), 'part11': (5, 7), 'part12': (7, 6), 'part13': (6, 6), 'part14': (6, 7), 'part15': (10, 4), 'part16': (5, 8), 'part17': (8, 7), 'part18': (8, 10), 'part19': (6, 8), 'part20': (1, 3)} 
ENERGY: -23.01582694366498 
JUMP? False 
NEW: {'part1': (2, 8), 'part2': (9, 7), 'part3': (8, 4), 'part4': (9, 8), 'part5': (8, 6), 'part6': (7, 7), 'part7': (2, 7), 'part8': (3, 8), 'part9': (3, 7), 'part10': (8, 8), 'part11': (5, 7), 'part12': (7, 6), 'part13': (6, 6), 'part14': (6, 7), 'part15': (10, 4), 'part16': (5, 8), 'part17': (10, 10), 'part18': (8, 10), 'part19': (6, 8), 'part20': (7, 8)} 
ENERGY: -21.93551515737456 
JUMP? False 
NEW: {'part1': (2, 8), 'part2': (9, 7), 'part3': (8, 4), 'part4': (9, 8), 'part5': (8, 6), 'part6': (7, 7), 'part7': (2, 7), 'part8': (3, 8), 'part9': (8, 5), 'part10': (8, 8), 'part11': (5, 7), 'part12': (7, 6), 'part13': (6, 6), 'part14': (6, 7), 'part15': (10, 4), 'part16': (5, 8), 'part17': (8, 7), 'part18': (8, 10), 'part19': (6, 8), 'part20': (7, 8)} 
ENERGY: -26.710075376147866 
JUMP? True 
NEW: {'part1': (2, 8), 'part2': (9, 7), 'part3': (8, 4), 'part4': (9, 8), 'part5': (8, 6), 'part6': (7, 7), 'part7': (2, 7), 'part8': (3, 8), 'part9': (8, 5), 'part10': (8, 8), 'part11': (5, 7), 'part12': (7, 6), 'part13': (1, 5), 'part14': (6, 7), 'part15': (10, 4), 'part16': (5, 8), 'part17': (8, 7), 'part18': (8, 10), 'part19': (6, 8), 'part20': (7, 8)} 
ENERGY: -24.12232890926095 
JUMP? False 
NEW: {'part1': (7, 4), 'part2': (9, 7), 'part3': (8, 4), 'part4': (9, 8), 'part5': (8, 6), 'part6': (7, 7), 'part7': (2, 7), 'part8': (3, 8), 'part9': (8, 5), 'part10': (8, 8), 'part11': (5, 7), 'part12': (7, 6), 'part13': (6, 6), 'part14': (6, 7), 'part15': (10, 4), 'part16': (5, 8), 'part17': (8, 7), 'part18': (8, 10), 'part19': (6, 8), 'part20': (7, 8)} 
ENERGY: -26.01415635012519 
JUMP? False 
NEW: {'part1': (2, 8), 'part2': (9, 7), 'part3': (8, 4), 'part4': (9, 8), 'part5': (8, 6), 'part6': (7, 7), 'part7': (2, 7), 'part8': (3, 8), 'part9': (8, 5), 'part10': (8, 8), 'part11': (5, 7), 'part12': (7, 6), 'part13': (6, 6), 'part14': (6, 7), 'part15': (10, 4), 'part16': (5, 8), 'part17': (8, 7), 'part18': (6, 3), 'part19': (6, 8), 'part20': (7, 8)} 
ENERGY: -26.661115557852554 
JUMP? False 
NEW: {'part1': (2, 8), 'part2': (9, 7), 'part3': (8, 4), 'part4': (9, 8), 'part5': (8, 6), 'part6': (7, 7), 'part7': (2, 10), 'part8': (3, 8), 'part9': (8, 5), 'part10': (8, 8), 'part11': (5, 7), 'part12': (7, 6), 'part13': (6, 6), 'part14': (6, 7), 'part15': (10, 4), 'part16': (5, 8), 'part17': (8, 7), 'part18': (8, 10), 'part19': (6, 8), 'part20': (7, 8)} 
ENERGY: -25.51801239271672 
JUMP? False 
NEW: {'part1': (2, 8), 'part2': (9, 7), 'part3': (8, 4), 'part4': (9, 8), 'part5': (8, 6), 'part6': (7, 7), 'part7': (2, 7), 'part8': (3, 8), 'part9': (5, 10), 'part10': (8, 8), 'part11': (5, 7), 'part12': (7, 6), 'part13': (6, 6), 'part14': (6, 7), 'part15': (10, 4), 'part16': (5, 8), 'part17': (8, 7), 'part18': (8, 10), 'part19': (6, 8), 'part20': (7, 8)} 
ENERGY: -24.43475163585753 
JUMP? False 
NEW: {'part1': (2, 8), 'part2': (9, 7), 'part3': (8, 4), 'part4': (9, 8), 'part5': (8, 6), 'part6': (4, 4), 'part7': (2, 7), 'part8': (3, 8), 'part9': (8, 5), 'part10': (8, 8), 'part11': (5, 7), 'part12': (7, 6), 'part13': (6, 6), 'part14': (6, 7), 'part15': (10, 4), 'part16': (5, 8), 'part17': (8, 7), 'part18': (8, 10), 'part19': (6, 8), 'part20': (7, 8)} 
ENERGY: -21.669309200049668 
JUMP? False 
NEW: {'part1': (2, 8), 'part2': (9, 7), 'part3': (8, 4), 'part4': (9, 8), 'part5': (8, 6), 'part6': (10, 6), 'part7': (2, 7), 'part8': (3, 8), 'part9': (8, 5), 'part10': (8, 8), 'part11': (5, 7), 'part12': (7, 6), 'part13': (6, 6), 'part14': (6, 7), 'part15': (10, 4), 'part16': (5, 8), 'part17': (8, 7), 'part18': (8, 10), 'part19': (6, 8), 'part20': (7, 8)} 
ENERGY: -22.015034112049058 
JUMP? False 
NEW: {'part1': (2, 8), 'part2': (9, 7), 'part3': (8, 4), 'part4': (9, 8), 'part5': (8, 6), 'part6': (7, 7), 'part7': (2, 7), 'part8': (3, 8), 'part9': (8, 5), 'part10': (8, 8), 'part11': (7, 5), 'part12': (7, 6), 'part13': (6, 6), 'part14': (6, 7), 'part15': (10, 4), 'part16': (5, 8), 'part17': (8, 7), 'part18': (8, 10), 'part19': (6, 8), 'part20': (7, 8)} 
ENERGY: -26.929328431636755 
JUMP? True 
NEW: {'part1': (2, 8), 'part2': (4, 2), 'part3': (8, 4), 'part4': (9, 8), 'part5': (8, 6), 'part6': (7, 7), 'part7': (2, 7), 'part8': (3, 8), 'part9': (8, 5), 'part10': (8, 8), 'part11': (7, 5), 'part12': (7, 6), 'part13': (6, 6), 'part14': (6, 7), 'part15': (10, 4), 'part16': (5, 8), 'part17': (8, 7), 'part18': (8, 10), 'part19': (6, 8), 'part20': (7, 8)} 
ENERGY: -24.366270415939915 
JUMP? False 
NEW: {'part1': (2, 8), 'part2': (9, 7), 'part3': (8, 4), 'part4': (9, 8), 'part5': (8, 6), 'part6': (7, 7), 'part7': (2, 7), 'part8': (3, 8), 'part9': (8, 5), 'part10': (8, 8), 'part11': (7, 5), 'part12': (7, 6), 'part13': (6, 6), 'part14': (6, 7), 'part15': (10, 4), 'part16': (5, 8), 'part17': (8, 7), 'part18': (8, 10), 'part19': (9, 10), 'part20': (7, 8)} 
ENERGY: -24.639869338546415 
JUMP? False 
NEW: {'part1': (2, 8), 'part2': (9, 7), 'part3': (8, 4), 'part4': (9, 8), 'part5': (8, 6), 'part6': (7, 7), 'part7': (2, 7), 'part8': (3, 1), 'part9': (8, 5), 'part10': (8, 8), 'part11': (7, 5), 'part12': (7, 6), 'part13': (6, 6), 'part14': (6, 7), 'part15': (10, 4), 'part16': (5, 8), 'part17': (8, 7), 'part18': (8, 10), 'part19': (6, 8), 'part20': (7, 8)} 
ENERGY: -25.656841543038773 
JUMP? False 
NEW: {'part1': (2, 8), 'part2': (9, 7), 'part3': (8, 4), 'part4': (9, 8), 'part5': (8, 6), 'part6': (7, 7), 'part7': (2, 7), 'part8': (3, 8), 'part9': (8, 5), 'part10': (8, 8), 'part11': (7, 5), 'part12': (7, 6), 'part13': (6, 6), 'part14': (6, 7), 'part15': (10, 4), 'part16': (5, 8), 'part17': (8, 7), 'part18': (10, 3), 'part19': (6, 8), 'part20': (7, 8)} 
ENERGY: -27.87567085130968 
JUMP? True 
NEW: {'part1': (2, 8), 'part2': (9, 7), 'part3': (8, 4), 'part4': (9, 8), 'part5': (8, 6), 'part6': (7, 7), 'part7': (2, 7), 'part8': (3, 8), 'part9': (6, 10), 'part10': (8, 8), 'part11': (7, 5), 'part12': (7, 6), 'part13': (6, 6), 'part14': (6, 7), 'part15': (10, 4), 'part16': (5, 8), 'part17': (8, 7), 'part18': (10, 3), 'part19': (6, 8), 'part20': (7, 8)} 
ENERGY: -24.60692787641509 
JUMP? False 
NEW: {'part1': (2, 8), 'part2': (9, 7), 'part3': (8, 4), 'part4': (9, 8), 'part5': (8, 6), 'part6': (7, 7), 'part7': (2, 7), 'part8': (3, 8), 'part9': (8, 5), 'part10': (8, 8), 'part11': (7, 5), 'part12': (7, 6), 'part13': (6, 6), 'part14': (6, 7), 'part15': (10, 1), 'part16': (5, 8), 'part17': (8, 7), 'part18': (10, 3), 'part19': (6, 8), 'part20': (7, 8)} 
ENERGY: -26.850016155995373 
JUMP? False 
NEW: {'part1': (2, 8), 'part2': (9, 7), 'part3': (8, 4), 'part4': (9, 8), 'part5': (8, 6), 'part6': (7, 7), 'part7': (1, 3), 'part8': (3, 8), 'part9': (8, 5), 'part10': (8, 8), 'part11': (7, 5), 'part12': (7, 6), 'part13': (6, 6), 'part14': (6, 7), 'part15': (10, 4), 'part16': (5, 8), 'part17': (8, 7), 'part18': (10, 3), 'part19': (6, 8), 'part20': (7, 8)} 
ENERGY: -26.63780245192887 
JUMP? False 
NEW: {'part1': (2, 8), 'part2': (9, 7), 'part3': (8, 4), 'part4': (9, 8), 'part5': (8, 6), 'part6': (7, 7), 'part7': (2, 7), 'part8': (3, 8), 'part9': (8, 5), 'part10': (2, 5), 'part11': (7, 5), 'part12': (7, 6), 'part13': (6, 6), 'part14': (6, 7), 'part15': (10, 4), 'part16': (5, 8), 'part17': (8, 7), 'part18': (10, 3), 'part19': (6, 8), 'part20': (7, 8)} 
ENERGY: -24.338060450240157 
JUMP? False 
NEW: {'part1': (2, 8), 'part2': (9, 7), 'part3': (8, 4), 'part4': (9, 8), 'part5': (8, 6), 'part6': (7, 7), 'part7': (2, 7), 'part8': (3, 8), 'part9': (8, 5), 'part10': (8, 8), 'part11': (4, 2), 'part12': (7, 6), 'part13': (6, 6), 'part14': (6, 7), 'part15': (10, 4), 'part16': (5, 8), 'part17': (8, 7), 'part18': (10, 3), 'part19': (6, 8), 'part20': (7, 8)} 
ENERGY: -25.095368391169117 
JUMP? False 
NEW: {'part1': (2, 8), 'part2': (9, 7), 'part3': (8, 4), 'part4': (9, 8), 'part5': (8, 6), 'part6': (7, 7), 'part7': (2, 7), 'part8': (4, 8), 'part9': (8, 5), 'part10': (8, 8), 'part11': (7, 5), 'part12': (7, 6), 'part13': (6, 6), 'part14': (6, 7), 'part15': (10, 4), 'part16': (5, 8), 'part17': (8, 7), 'part18': (10, 3), 'part19': (6, 8), 'part20': (7, 8)} 
ENERGY: -27.708246358264923 
JUMP? False 
NEW: {'part1': (2, 8), 'part2': (9, 7), 'part3': (8, 4), 'part4': (9, 8), 'part5': (8, 6), 'part6': (7, 7), 'part7': (2, 7), 'part8': (3, 8), 'part9': (8, 5), 'part10': (8, 8), 'part11': (7, 5), 'part12': (2, 1), 'part13': (6, 6), 'part14': (6, 7), 'part15': (10, 4), 'part16': (5, 8), 'part17': (8, 7), 'part18': (10, 3), 'part19': (6, 8), 'part20': (7, 8)} 
ENERGY: -23.06854076112753 
JUMP? False 
NEW: {'part1': (2, 8), 'part2': (9, 7), 'part3': (8, 4), 'part4': (2, 3), 'part5': (8, 6), 'part6': (7, 7), 'part7': (2, 7), 'part8': (3, 8), 'part9': (8, 5), 'part10': (8, 8), 'part11': (7, 5), 'part12': (7, 6), 'part13': (6, 6), 'part14': (6, 7), 'part15': (10, 4), 'part16': (5, 8), 'part17': (8, 7), 'part18': (10, 3), 'part19': (6, 8), 'part20': (7, 8)} 
ENERGY: -25.56577794265776 
JUMP? False 
NEW: {'part1': (2, 8), 'part2': (9, 7), 'part3': (8, 4), 'part4': (9, 8), 'part5': (8, 6), 'part6': (7, 7), 'part7': (2, 7), 'part8': (3, 8), 'part9': (8, 5), 'part10': (8, 8), 'part11': (7, 5), 'part12': (7, 6), 'part13': (6, 6), 'part14': (3, 5), 'part15': (10, 4), 'part16': (5, 8), 'part17': (8, 7), 'part18': (10, 3), 'part19': (6, 8), 'part20': (7, 8)} 
ENERGY: -24.10686713429211 
JUMP? False 
NEW: {'part1': (2, 8), 'part2': (9, 7), 'part3': (9, 1), 'part4': (9, 8), 'part5': (8, 6), 'part6': (7, 7), 'part7': (2, 7), 'part8': (3, 8), 'part9': (8, 5), 'part10': (8, 8), 'part11': (7, 5), 'part12': (7, 6), 'part13': (6, 6), 'part14': (6, 7), 'part15': (10, 4), 'part16': (5, 8), 'part17': (8, 7), 'part18': (10, 3), 'part19': (6, 8), 'part20': (7, 8)} 
ENERGY: -26.55316076696796 
JUMP? False 
NEW: {'part1': (2, 8), 'part2': (9, 7), 'part3': (8, 4), 'part4': (9, 8), 'part5': (8, 6), 'part6': (7, 7), 'part7': (2, 7), 'part8': (3, 8), 'part9': (8, 5), 'part10': (8, 8), 'part11': (7, 5), 'part12': (7, 6), 'part13': (6, 6), 'part14': (8, 3), 'part15': (10, 4), 'part16': (5, 8), 'part17': (8, 7), 'part18': (10, 3), 'part19': (6, 8), 'part20': (7, 8)} 
ENERGY: -25.182458554706812 
JUMP? False 
NEW: {'part1': (5, 2), 'part2': (9, 7), 'part3': (8, 4), 'part4': (9, 8), 'part5': (8, 6), 'part6': (7, 7), 'part7': (2, 7), 'part8': (3, 8), 'part9': (8, 5), 'part10': (8, 8), 'part11': (7, 5), 'part12': (7, 6), 'part13': (6, 6), 'part14': (6, 7), 'part15': (10, 4), 'part16': (5, 8), 'part17': (8, 7), 'part18': (10, 3), 'part19': (6, 8), 'part20': (7, 8)} 
ENERGY: -25.874871382927157 
JUMP? False 
NEW: {'part1': (2, 8), 'part2': (9, 7), 'part3': (8, 4), 'part4': (9, 8), 'part5': (8, 6), 'part6': (7, 7), 'part7': (2, 7), 'part8': (3, 8), 'part9': (8, 5), 'part10': (8, 8), 'part11': (7, 5), 'part12': (7, 6), 'part13': (6, 6), 'part14': (6, 7), 'part15': (10, 4), 'part16': (5, 8), 'part17': (8, 7), 'part18': (8, 2), 'part19': (6, 8), 'part20': (7, 8)} 
ENERGY: -26.893821601663753 
JUMP? False 
NEW: {'part1': (2, 8), 'part2': (9, 7), 'part3': (8, 4), 'part4': (9, 8), 'part5': (8, 6), 'part6': (7, 10), 'part7': (2, 7), 'part8': (3, 8), 'part9': (8, 5), 'part10': (8, 8), 'part11': (7, 5), 'part12': (7, 6), 'part13': (6, 6), 'part14': (6, 7), 'part15': (10, 4), 'part16': (5, 8), 'part17': (8, 7), 'part18': (10, 3), 'part19': (6, 8), 'part20': (7, 8)} 
ENERGY: -22.902820175400166 
JUMP? False 
NEW: {'part1': (2, 8), 'part2': (9, 7), 'part3': (8, 4), 'part4': (9, 8), 'part5': (8, 6), 'part6': (7, 7), 'part7': (2, 7), 'part8': (3, 8), 'part9': (8, 5), 'part10': (7, 2), 'part11': (7, 5), 'part12': (7, 6), 'part13': (6, 6), 'part14': (6, 7), 'part15': (10, 4), 'part16': (5, 8), 'part17': (8, 7), 'part18': (10, 3), 'part19': (6, 8), 'part20': (7, 8)} 
ENERGY: -24.326130447508856 
JUMP? False 
NEW: {'part1': (2, 8), 'part2': (1, 6), 'part3': (8, 4), 'part4': (9, 8), 'part5': (8, 6), 'part6': (7, 7), 'part7': (2, 7), 'part8': (3, 8), 'part9': (8, 5), 'part10': (8, 8), 'part11': (7, 5), 'part12': (7, 6), 'part13': (6, 6), 'part14': (6, 7), 'part15': (10, 4), 'part16': (5, 8), 'part17': (8, 7), 'part18': (10, 3), 'part19': (6, 8), 'part20': (7, 8)} 
ENERGY: -25.567608351083738 
JUMP? False 
NEW: {'part1': (2, 8), 'part2': (9, 7), 'part3': (8, 4), 'part4': (9, 8), 'part5': (8, 6), 'part6': (7, 7), 'part7': (2, 7), 'part8': (3, 8), 'part9': (8, 5), 'part10': (4, 8), 'part11': (7, 5), 'part12': (7, 6), 'part13': (6, 6), 'part14': (6, 7), 'part15': (10, 4), 'part16': (5, 8), 'part17': (8, 7), 'part18': (10, 3), 'part19': (6, 8), 'part20': (7, 8)} 
ENERGY: -26.40551176768121 
JUMP? False 
NEW: {'part1': (2, 8), 'part2': (9, 7), 'part3': (7, 9), 'part4': (9, 8), 'part5': (8, 6), 'part6': (7, 7), 'part7': (2, 7), 'part8': (3, 8), 'part9': (8, 5), 'part10': (8, 8), 'part11': (7, 5), 'part12': (7, 6), 'part13': (6, 6), 'part14': (6, 7), 'part15': (10, 4), 'part16': (5, 8), 'part17': (8, 7), 'part18': (10, 3), 'part19': (6, 8), 'part20': (7, 8)} 
ENERGY: -28.109827734755783 
JUMP? True 
NEW: {'part1': (2, 8), 'part2': (9, 7), 'part3': (7, 9), 'part4': (9, 8), 'part5': (8, 6), 'part6': (7, 7), 'part7': (2, 7), 'part8': (3, 8), 'part9': (6, 4), 'part10': (8, 8), 'part11': (7, 5), 'part12': (7, 6), 'part13': (6, 6), 'part14': (6, 7), 'part15': (10, 4), 'part16': (5, 8), 'part17': (8, 7), 'part18': (10, 3), 'part19': (6, 8), 'part20': (7, 8)} 
ENERGY: -26.058613441885566 
JUMP? False 
NEW: {'part1': (2, 8), 'part2': (9, 7), 'part3': (7, 9), 'part4': (9, 8), 'part5': (8, 6), 'part6': (7, 7), 'part7': (2, 7), 'part8': (3, 8), 'part9': (8, 5), 'part10': (8, 8), 'part11': (9, 4), 'part12': (7, 6), 'part13': (6, 6), 'part14': (6, 7), 'part15': (10, 4), 'part16': (5, 8), 'part17': (8, 7), 'part18': (10, 3), 'part19': (6, 8), 'part20': (7, 8)} 
ENERGY: -27.059019493251125 
JUMP? False 
NEW: {'part1': (2, 8), 'part2': (9, 7), 'part3': (7, 9), 'part4': (9, 8), 'part5': (8, 6), 'part6': (7, 7), 'part7': (2, 7), 'part8': (3, 8), 'part9': (8, 5), 'part10': (8, 8), 'part11': (7, 5), 'part12': (1, 8), 'part13': (6, 6), 'part14': (6, 7), 'part15': (10, 4), 'part16': (5, 8), 'part17': (8, 7), 'part18': (10, 3), 'part19': (6, 8), 'part20': (7, 8)} 
ENERGY: -24.582054770113736 
JUMP? False 
NEW: {'part1': (2, 8), 'part2': (9, 7), 'part3': (7, 9), 'part4': (9, 8), 'part5': (8, 6), 'part6': (7, 7), 'part7': (2, 7), 'part8': (3, 8), 'part9': (8, 5), 'part10': (8, 8), 'part11': (7, 5), 'part12': (7, 6), 'part13': (6, 6), 'part14': (6, 7), 'part15': (10, 4), 'part16': (5, 8), 'part17': (8, 7), 'part18': (5, 9), 'part19': (6, 8), 'part20': (7, 8)} 
ENERGY: -28.429675929517046 
JUMP? True 
NEW: {'part1': (2, 8), 'part2': (9, 7), 'part3': (7, 9), 'part4': (9, 8), 'part5': (7, 10), 'part6': (7, 7), 'part7': (2, 7), 'part8': (3, 8), 'part9': (8, 5), 'part10': (8, 8), 'part11': (7, 5), 'part12': (7, 6), 'part13': (6, 6), 'part14': (6, 7), 'part15': (10, 4), 'part16': (5, 8), 'part17': (8, 7), 'part18': (5, 9), 'part19': (6, 8), 'part20': (7, 8)} 
ENERGY: -25.701330604273853 
JUMP? False 
NEW: {'part1': (2, 8), 'part2': (9, 7), 'part3': (7, 9), 'part4': (9, 8), 'part5': (8, 6), 'part6': (7, 7), 'part7': (2, 7), 'part8': (3, 8), 'part9': (8, 5), 'part10': (8, 8), 'part11': (9, 3), 'part12': (7, 6), 'part13': (6, 6), 'part14': (6, 7), 'part15': (10, 4), 'part16': (5, 8), 'part17': (8, 7), 'part18': (5, 9), 'part19': (6, 8), 'part20': (7, 8)} 
ENERGY: -26.137893637371377 
JUMP? False 
NEW: {'part1': (2, 8), 'part2': (9, 7), 'part3': (7, 9), 'part4': (9, 8), 'part5': (8, 6), 'part6': (7, 7), 'part7': (2, 7), 'part8': (3, 8), 'part9': (8, 5), 'part10': (8, 8), 'part11': (7, 5), 'part12': (7, 6), 'part13': (6, 6), 'part14': (6, 7), 'part15': (10, 4), 'part16': (5, 8), 'part17': (8, 7), 'part18': (5, 9), 'part19': (1, 10), 'part20': (7, 8)} 
ENERGY: -24.640154473433153 
JUMP? False 
NEW: {'part1': (2, 8), 'part2': (9, 7), 'part3': (2, 9), 'part4': (9, 8), 'part5': (8, 6), 'part6': (7, 7), 'part7': (2, 7), 'part8': (3, 8), 'part9': (8, 5), 'part10': (8, 8), 'part11': (7, 5), 'part12': (7, 6), 'part13': (6, 6), 'part14': (6, 7), 'part15': (10, 4), 'part16': (5, 8), 'part17': (8, 7), 'part18': (5, 9), 'part19': (6, 8), 'part20': (7, 8)} 
ENERGY: -28.094299940310208 
JUMP? False 
NEW: {'part1': (2, 8), 'part2': (9, 7), 'part3': (7, 9), 'part4': (9, 8), 'part5': (7, 2), 'part6': (7, 7), 'part7': (2, 7), 'part8': (3, 8), 'part9': (8, 5), 'part10': (8, 8), 'part11': (7, 5), 'part12': (7, 6), 'part13': (6, 6), 'part14': (6, 7), 'part15': (10, 4), 'part16': (5, 8), 'part17': (8, 7), 'part18': (5, 9), 'part19': (6, 8), 'part20': (7, 8)} 
ENERGY: -24.61275748092791 
JUMP? False 
NEW: {'part1': (2, 8), 'part2': (3, 3), 'part3': (7, 9), 'part4': (9, 8), 'part5': (8, 6), 'part6': (7, 7), 'part7': (2, 7), 'part8': (3, 8), 'part9': (8, 5), 'part10': (8, 8), 'part11': (7, 5), 'part12': (7, 6), 'part13': (6, 6), 'part14': (6, 7), 'part15': (10, 4), 'part16': (5, 8), 'part17': (8, 7), 'part18': (5, 9), 'part19': (6, 8), 'part20': (7, 8)} 
ENERGY: -25.866806917900632 
JUMP? False 
NEW: {'part1': (2, 8), 'part2': (9, 7), 'part3': (7, 9), 'part4': (9, 8), 'part5': (8, 6), 'part6': (7, 7), 'part7': (2, 7), 'part8': (3, 8), 'part9': (8, 5), 'part10': (8, 8), 'part11': (7, 5), 'part12': (7, 6), 'part13': (2, 6), 'part14': (6, 7), 'part15': (10, 4), 'part16': (5, 8), 'part17': (8, 7), 'part18': (5, 9), 'part19': (6, 8), 'part20': (7, 8)} 
ENERGY: -26.87207177153435 
JUMP? False 
NEW: {'part1': (2, 8), 'part2': (9, 7), 'part3': (7, 9), 'part4': (9, 8), 'part5': (8, 6), 'part6': (7, 7), 'part7': (2, 7), 'part8': (3, 8), 'part9': (8, 5), 'part10': (8, 8), 'part11': (7, 5), 'part12': (7, 6), 'part13': (6, 6), 'part14': (6, 7), 'part15': (10, 4), 'part16': (5, 8), 'part17': (4, 1), 'part18': (5, 9), 'part19': (6, 8), 'part20': (7, 8)} 
ENERGY: -23.59733823456931 
JUMP? False 
NEW: {'part1': (2, 8), 'part2': (9, 7), 'part3': (7, 9), 'part4': (9, 8), 'part5': (8, 6), 'part6': (7, 7), 'part7': (2, 7), 'part8': (9, 4), 'part9': (8, 5), 'part10': (8, 8), 'part11': (7, 5), 'part12': (7, 6), 'part13': (6, 6), 'part14': (6, 7), 'part15': (10, 4), 'part16': (5, 8), 'part17': (8, 7), 'part18': (5, 9), 'part19': (6, 8), 'part20': (7, 8)} 
ENERGY: -28.41907975892406 
JUMP? False 
NEW: {'part1': (2, 8), 'part2': (9, 7), 'part3': (7, 9), 'part4': (9, 8), 'part5': (8, 6), 'part6': (7, 7), 'part7': (2, 7), 'part8': (3, 8), 'part9': (8, 5), 'part10': (8, 8), 'part11': (7, 5), 'part12': (7, 6), 'part13': (6, 6), 'part14': (6, 7), 'part15': (10, 4), 'part16': (5, 8), 'part17': (8, 7), 'part18': (8, 10), 'part19': (6, 8), 'part20': (7, 8)} 
ENERGY: -27.413731946098835 
JUMP? False 
NEW: {'part1': (2, 8), 'part2': (9, 7), 'part3': (7, 9), 'part4': (9, 8), 'part5': (8, 6), 'part6': (7, 7), 'part7': (2, 7), 'part8': (3, 8), 'part9': (8, 5), 'part10': (8, 8), 'part11': (7, 5), 'part12': (7, 6), 'part13': (6, 6), 'part14': (6, 7), 'part15': (10, 4), 'part16': (5, 8), 'part17': (10, 8), 'part18': (5, 9), 'part19': (6, 8), 'part20': (7, 8)} 
ENERGY: -24.876872051658097 
JUMP? False 
NEW: {'part1': (2, 8), 'part2': (9, 7), 'part3': (7, 9), 'part4': (9, 8), 'part5': (8, 6), 'part6': (7, 7), 'part7': (2, 7), 'part8': (3, 8), 'part9': (8, 5), 'part10': (8, 8), 'part11': (7, 5), 'part12': (7, 6), 'part13': (6, 6), 'part14': (6, 7), 'part15': (10, 4), 'part16': (5, 8), 'part17': (8, 7), 'part18': (5, 9), 'part19': (6, 8), 'part20': (7, 1)} 
ENERGY: -23.80040532712401 
JUMP? False 
NEW: {'part1': (2, 8), 'part2': (9, 7), 'part3': (3, 10), 'part4': (9, 8), 'part5': (8, 6), 'part6': (7, 7), 'part7': (2, 7), 'part8': (3, 8), 'part9': (8, 5), 'part10': (8, 8), 'part11': (7, 5), 'part12': (7, 6), 'part13': (6, 6), 'part14': (6, 7), 'part15': (10, 4), 'part16': (5, 8), 'part17': (8, 7), 'part18': (5, 9), 'part19': (6, 8), 'part20': (7, 8)} 
ENERGY: -26.893840949675976 
JUMP? False 
NEW: {'part1': (2, 8), 'part2': (9, 7), 'part3': (7, 9), 'part4': (9, 8), 'part5': (8, 6), 'part6': (7, 7), 'part7': (2, 7), 'part8': (3, 8), 'part9': (8, 5), 'part10': (3, 3), 'part11': (7, 5), 'part12': (7, 6), 'part13': (6, 6), 'part14': (6, 7), 'part15': (10, 4), 'part16': (5, 8), 'part17': (8, 7), 'part18': (5, 9), 'part19': (6, 8), 'part20': (7, 8)} 
ENERGY: -24.620788857246332 
JUMP? False 
NEW: {'part1': (2, 8), 'part2': (9, 7), 'part3': (7, 9), 'part4': (9, 8), 'part5': (8, 6), 'part6': (8, 9), 'part7': (2, 7), 'part8': (3, 8), 'part9': (8, 5), 'part10': (8, 8), 'part11': (7, 5), 'part12': (7, 6), 'part13': (6, 6), 'part14': (6, 7), 'part15': (10, 4), 'part16': (5, 8), 'part17': (8, 7), 'part18': (5, 9), 'part19': (6, 8), 'part20': (7, 8)} 
ENERGY: -25.893538639413066 
JUMP? False 
NEW: {'part1': (2, 8), 'part2': (9, 7), 'part3': (7, 9), 'part4': (9, 8), 'part5': (8, 6), 'part6': (7, 7), 'part7': (2, 7), 'part8': (3, 8), 'part9': (8, 5), 'part10': (8, 8), 'part11': (7, 5), 'part12': (7, 6), 'part13': (6, 6), 'part14': (6, 7), 'part15': (10, 4), 'part16': (5, 8), 'part17': (4, 4), 'part18': (5, 9), 'part19': (6, 8), 'part20': (7, 8)} 
ENERGY: -23.60820062112515 
JUMP? False 
NEW: {'part1': (2, 8), 'part2': (9, 7), 'part3': (7, 9), 'part4': (9, 8), 'part5': (8, 6), 'part6': (7, 7), 'part7': (2, 7), 'part8': (3, 8), 'part9': (8, 5), 'part10': (8, 8), 'part11': (7, 5), 'part12': (7, 6), 'part13': (6, 6), 'part14': (6, 7), 'part15': (10, 4), 'part16': (5, 8), 'part17': (8, 7), 'part18': (5, 9), 'part19': (6, 8), 'part20': (4, 5)} 
ENERGY: -23.83575518185934 
JUMP? False 
NEW: {'part1': (1, 6), 'part2': (9, 7), 'part3': (7, 9), 'part4': (9, 8), 'part5': (8, 6), 'part6': (7, 7), 'part7': (2, 7), 'part8': (3, 8), 'part9': (8, 5), 'part10': (8, 8), 'part11': (7, 5), 'part12': (7, 6), 'part13': (6, 6), 'part14': (6, 7), 'part15': (10, 4), 'part16': (5, 8), 'part17': (8, 7), 'part18': (5, 9), 'part19': (6, 8), 'part20': (7, 8)} 
ENERGY: -26.662363145172762 
JUMP? False 
NEW: {'part1': (8, 10), 'part2': (9, 7), 'part3': (7, 9), 'part4': (9, 8), 'part5': (8, 6), 'part6': (7, 7), 'part7': (2, 7), 'part8': (3, 8), 'part9': (8, 5), 'part10': (8, 8), 'part11': (7, 5), 'part12': (7, 6), 'part13': (6, 6), 'part14': (6, 7), 'part15': (10, 4), 'part16': (5, 8), 'part17': (8, 7), 'part18': (5, 9), 'part19': (6, 8), 'part20': (7, 8)} 
ENERGY: -26.73636609687935 
JUMP? False 
NEW: {'part1': (2, 8), 'part2': (9, 7), 'part3': (7, 9), 'part4': (9, 8), 'part5': (8, 6), 'part6': (2, 1), 'part7': (2, 7), 'part8': (3, 8), 'part9': (8, 5), 'part10': (8, 8), 'part11': (7, 5), 'part12': (7, 6), 'part13': (6, 6), 'part14': (6, 7), 'part15': (10, 4), 'part16': (5, 8), 'part17': (8, 7), 'part18': (5, 9), 'part19': (6, 8), 'part20': (7, 8)} 
ENERGY: -23.346690995335017 
JUMP? False 
NEW: {'part1': (2, 8), 'part2': (3, 2), 'part3': (7, 9), 'part4': (9, 8), 'part5': (8, 6), 'part6': (7, 7), 'part7': (2, 7), 'part8': (3, 8), 'part9': (8, 5), 'part10': (8, 8), 'part11': (7, 5), 'part12': (7, 6), 'part13': (6, 6), 'part14': (6, 7), 'part15': (10, 4), 'part16': (5, 8), 'part17': (8, 7), 'part18': (5, 9), 'part19': (6, 8), 'part20': (7, 8)} 
ENERGY: -25.86564278943966 
JUMP? False 
NEW: {'part1': (2, 8), 'part2': (9, 7), 'part3': (7, 9), 'part4': (9, 8), 'part5': (8, 6), 'part6': (7, 7), 'part7': (2, 7), 'part8': (3, 8), 'part9': (8, 5), 'part10': (8, 8), 'part11': (7, 5), 'part12': (7, 6), 'part13': (6, 6), 'part14': (6, 7), 'part15': (10, 4), 'part16': (5, 8), 'part17': (8, 7), 'part18': (5, 9), 'part19': (6, 8), 'part20': (8, 4)} 
ENERGY: -25.12394318588416 
JUMP? False 
NEW: {'part1': (2, 8), 'part2': (9, 7), 'part3': (7, 9), 'part4': (10, 1), 'part5': (8, 6), 'part6': (7, 7), 'part7': (2, 7), 'part8': (3, 8), 'part9': (8, 5), 'part10': (8, 8), 'part11': (7, 5), 'part12': (7, 6), 'part13': (6, 6), 'part14': (6, 7), 'part15': (10, 4), 'part16': (5, 8), 'part17': (8, 7), 'part18': (5, 9), 'part19': (6, 8), 'part20': (7, 8)} 
ENERGY: -26.106083812713642 
JUMP? False 
NEW: {'part1': (2, 8), 'part2': (9, 7), 'part3': (7, 9), 'part4': (9, 8), 'part5': (8, 6), 'part6': (7, 7), 'part7': (2, 7), 'part8': (3, 8), 'part9': (8, 5), 'part10': (8, 8), 'part11': (7, 5), 'part12': (7, 6), 'part13': (6, 6), 'part14': (4, 7), 'part15': (10, 4), 'part16': (5, 8), 'part17': (8, 7), 'part18': (5, 9), 'part19': (6, 8), 'part20': (7, 8)} 
ENERGY: -25.17807505884442 
JUMP? False 
NEW: {'part1': (2, 8), 'part2': (10, 2), 'part3': (7, 9), 'part4': (9, 8), 'part5': (8, 6), 'part6': (7, 7), 'part7': (2, 7), 'part8': (3, 8), 'part9': (8, 5), 'part10': (8, 8), 'part11': (7, 5), 'part12': (7, 6), 'part13': (6, 6), 'part14': (6, 7), 'part15': (10, 4), 'part16': (5, 8), 'part17': (8, 7), 'part18': (5, 9), 'part19': (6, 8), 'part20': (7, 8)} 
ENERGY: -25.89783694462798 
JUMP? False 
NEW: {'part1': (2, 8), 'part2': (9, 7), 'part3': (7, 9), 'part4': (9, 8), 'part5': (8, 6), 'part6': (7, 7), 'part7': (2, 7), 'part8': (3, 8), 'part9': (8, 5), 'part10': (8, 8), 'part11': (7, 5), 'part12': (7, 6), 'part13': (6, 6), 'part14': (6, 7), 'part15': (9, 3), 'part16': (5, 8), 'part17': (8, 7), 'part18': (5, 9), 'part19': (6, 8), 'part20': (7, 8)} 
ENERGY: -28.42717396665252 
JUMP? False 
NEW: {'part1': (2, 8), 'part2': (9, 7), 'part3': (7, 9), 'part4': (9, 8), 'part5': (8, 6), 'part6': (7, 7), 'part7': (2, 7), 'part8': (3, 3), 'part9': (8, 5), 'part10': (8, 8), 'part11': (7, 5), 'part12': (7, 6), 'part13': (6, 6), 'part14': (6, 7), 'part15': (10, 4), 'part16': (5, 8), 'part17': (8, 7), 'part18': (5, 9), 'part19': (6, 8), 'part20': (7, 8)} 
ENERGY: -27.14241830428275 
JUMP? False 
NEW: {'part1': (2, 8), 'part2': (9, 7), 'part3': (7, 9), 'part4': (9, 8), 'part5': (8, 6), 'part6': (7, 7), 'part7': (2, 7), 'part8': (3, 8), 'part9': (8, 5), 'part10': (8, 8), 'part11': (7, 5), 'part12': (7, 6), 'part13': (8, 1), 'part14': (6, 7), 'part15': (10, 4), 'part16': (5, 8), 'part17': (8, 7), 'part18': (5, 9), 'part19': (6, 8), 'part20': (7, 8)} 
ENERGY: -25.82484134245461 
JUMP? False 
NEW: {'part1': (2, 8), 'part2': (9, 7), 'part3': (7, 9), 'part4': (9, 8), 'part5': (8, 6), 'part6': (7, 7), 'part7': (2, 7), 'part8': (3, 8), 'part9': (8, 5), 'part10': (8, 8), 'part11': (7, 5), 'part12': (7, 6), 'part13': (6, 6), 'part14': (6, 7), 'part15': (10, 4), 'part16': (5, 8), 'part17': (6, 10), 'part18': (5, 9), 'part19': (6, 8), 'part20': (7, 8)} 
ENERGY: -24.140946600491816 
JUMP? False 
NEW: {'part1': (2, 8), 'part2': (9, 7), 'part3': (7, 9), 'part4': (9, 8), 'part5': (8, 6), 'part6': (7, 7), 'part7': (2, 2), 'part8': (3, 8), 'part9': (8, 5), 'part10': (8, 8), 'part11': (7, 5), 'part12': (7, 6), 'part13': (6, 6), 'part14': (6, 7), 'part15': (10, 4), 'part16': (5, 8), 'part17': (8, 7), 'part18': (5, 9), 'part19': (6, 8), 'part20': (7, 8)} 
ENERGY: -27.19077164245175 
JUMP? False 
NEW: {'part1': (2, 8), 'part2': (9, 7), 'part3': (7, 9), 'part4': (9, 8), 'part5': (8, 6), 'part6': (7, 7), 'part7': (2, 7), 'part8': (3, 8), 'part9': (8, 5), 'part10': (8, 8), 'part11': (7, 5), 'part12': (7, 6), 'part13': (6, 6), 'part14': (6, 7), 'part15': (10, 4), 'part16': (8, 3), 'part17': (8, 7), 'part18': (5, 9), 'part19': (6, 8), 'part20': (7, 8)} 
ENERGY: -26.13962853023736 
JUMP? False 
NEW: {'part1': (2, 8), 'part2': (9, 7), 'part3': (7, 9), 'part4': (10, 2), 'part5': (8, 6), 'part6': (7, 7), 'part7': (2, 7), 'part8': (3, 8), 'part9': (8, 5), 'part10': (8, 8), 'part11': (7, 5), 'part12': (7, 6), 'part13': (6, 6), 'part14': (6, 7), 'part15': (10, 4), 'part16': (5, 8), 'part17': (8, 7), 'part18': (5, 9), 'part19': (6, 8), 'part20': (7, 8)} 
ENERGY: -26.135719194359517 
JUMP? False 
NEW: {'part1': (2, 8), 'part2': (9, 7), 'part3': (7, 9), 'part4': (9, 8), 'part5': (8, 6), 'part6': (7, 7), 'part7': (2, 7), 'part8': (3, 8), 'part9': (8, 5), 'part10': (8, 8), 'part11': (7, 5), 'part12': (7, 6), 'part13': (6, 6), 'part14': (6, 7), 'part15': (10, 4), 'part16': (5, 8), 'part17': (6, 3), 'part18': (5, 9), 'part19': (6, 8), 'part20': (7, 8)} 
ENERGY: -23.624406212805752 
JUMP? False 
NEW: {'part1': (2, 8), 'part2': (9, 7), 'part3': (7, 9), 'part4': (9, 6), 'part5': (8, 6), 'part6': (7, 7), 'part7': (2, 7), 'part8': (3, 8), 'part9': (8, 5), 'part10': (8, 8), 'part11': (7, 5), 'part12': (7, 6), 'part13': (6, 6), 'part14': (6, 7), 'part15': (10, 4), 'part16': (5, 8), 'part17': (8, 7), 'part18': (5, 9), 'part19': (6, 8), 'part20': (7, 8)} 
ENERGY: -28.677048861800497 
JUMP? True 
NEW: {'part1': (2, 8), 'part2': (9, 7), 'part3': (7, 9), 'part4': (9, 6), 'part5': (8, 6), 'part6': (7, 7), 'part7': (2, 7), 'part8': (3, 8), 'part9': (8, 5), 'part10': (8, 8), 'part11': (7, 5), 'part12': (7, 6), 'part13': (9, 3), 'part14': (6, 7), 'part15': (10, 4), 'part16': (5, 8), 'part17': (8, 7), 'part18': (5, 9), 'part19': (6, 8), 'part20': (7, 8)} 
ENERGY: -26.329563944767322 
JUMP? False 
